08:01:56.046 [main] Starting ConcurrencyCouponApplication v0.0.1-SNAPSHOT using Java 17.0.18 with PID 1 (/app/app.jar started by root in /app)
08:01:56.048 [main] No active profile set, falling back to 1 default profile: "default"
08:01:56.683 [main] Bootstrapping Spring Data JPA repositories in DEFAULT mode.
08:01:56.745 [main] Finished Spring Data repository scanning in 52 ms. Found 3 JPA repository interfaces.
08:01:57.124 [main] Tomcat initialized with port 8080 (http)
08:01:57.154 [main] Starting service [Tomcat]
08:01:57.154 [main] Starting Servlet engine: [Apache Tomcat/10.1.52]
08:01:57.176 [main] Initializing Spring embedded WebApplicationContext
08:01:57.177 [main] Root WebApplicationContext: initialization completed in 1096 ms
08:01:57.327 [main] HHH000204: Processing PersistenceUnitInfo [name: default]
08:01:57.379 [main] HHH000412: Hibernate ORM core version 6.6.44.Final
08:01:57.435 [main] HHH000026: Second-level cache disabled
08:01:57.672 [main] No LoadTimeWeaver setup: ignoring JPA class transformer
08:01:57.703 [main] HikariPool-1 - Starting...
08:01:57.925 [main] HikariPool-1 - Added connection com.mysql.cj.jdbc.ConnectionImpl@571d0925
08:01:57.927 [main] HikariPool-1 - Start completed.
08:01:57.986 [main] HHH10001005: Database info:
	Database JDBC URL [Connecting through datasource 'HikariDataSource (HikariPool-1)']
	Database driver: undefined/unknown
	Database version: 8.0.45
	Autocommit mode: undefined/unknown
	Isolation level: undefined/unknown
	Minimum pool size: undefined/unknown
	Maximum pool size: undefined/unknown
08:01:58.528 [main] HHH000489: No JTA platform available (set 'hibernate.transaction.jta.platform' to enable JTA platform integration)
08:01:58.680 [main] Initialized JPA EntityManagerFactory for persistence unit 'default'
08:02:01.978 [main] Tomcat started on port 8080 (http) with context path '/'
08:02:01.988 [main] Started ConcurrencyCouponApplication in 6.787 seconds (process running for 7.214)
08:02:21.281 [http-nio-8080-exec-15] Initializing Spring DispatcherServlet 'dispatcherServlet'
08:02:21.282 [http-nio-8080-exec-15] Initializing Servlet 'dispatcherServlet'
08:02:21.289 [http-nio-8080-exec-15] Completed initialization in 4 ms
08:02:21.457 [http-nio-8080-exec-29] [http-nio-8080-exec-29] 현재 재고: 100
08:02:21.496 [http-nio-8080-exec-20] [http-nio-8080-exec-20] 현재 재고: 99
08:02:21.521 [http-nio-8080-exec-41] [http-nio-8080-exec-41] 현재 재고: 98
08:02:21.546 [http-nio-8080-exec-32] [http-nio-8080-exec-32] 현재 재고: 97
08:02:21.561 [http-nio-8080-exec-26] [http-nio-8080-exec-26] 현재 재고: 96
08:02:21.578 [http-nio-8080-exec-28] [http-nio-8080-exec-28] 현재 재고: 95
08:02:21.602 [http-nio-8080-exec-8] [http-nio-8080-exec-8] 현재 재고: 94
08:02:21.613 [http-nio-8080-exec-33] [http-nio-8080-exec-33] 현재 재고: 93
08:02:21.625 [http-nio-8080-exec-43] [http-nio-8080-exec-43] 현재 재고: 92
08:02:21.631 [http-nio-8080-exec-27] [http-nio-8080-exec-27] 현재 재고: 91
08:02:21.643 [http-nio-8080-exec-25] [http-nio-8080-exec-25] 현재 재고: 90
08:02:21.651 [http-nio-8080-exec-13] [http-nio-8080-exec-13] 현재 재고: 89
08:02:21.660 [http-nio-8080-exec-35] [http-nio-8080-exec-35] 현재 재고: 88
08:02:21.668 [http-nio-8080-exec-52] [http-nio-8080-exec-52] 현재 재고: 87
08:02:21.678 [http-nio-8080-exec-17] [http-nio-8080-exec-17] 현재 재고: 86
08:02:21.687 [http-nio-8080-exec-30] [http-nio-8080-exec-30] 현재 재고: 85
08:02:21.695 [http-nio-8080-exec-22] [http-nio-8080-exec-22] 현재 재고: 84
08:02:21.701 [http-nio-8080-exec-19] [http-nio-8080-exec-19] 현재 재고: 83
08:02:21.709 [http-nio-8080-exec-5] [http-nio-8080-exec-5] 현재 재고: 82
08:02:21.715 [http-nio-8080-exec-49] [http-nio-8080-exec-49] 현재 재고: 81
08:02:21.722 [http-nio-8080-exec-11] [http-nio-8080-exec-11] 현재 재고: 80
08:02:21.729 [http-nio-8080-exec-7] [http-nio-8080-exec-7] 현재 재고: 79
08:02:21.737 [http-nio-8080-exec-50] [http-nio-8080-exec-50] 현재 재고: 78
08:02:21.745 [http-nio-8080-exec-10] [http-nio-8080-exec-10] 현재 재고: 77
08:02:21.752 [http-nio-8080-exec-51] [http-nio-8080-exec-51] 현재 재고: 76
08:02:21.759 [http-nio-8080-exec-4] [http-nio-8080-exec-4] 현재 재고: 75
08:02:21.766 [http-nio-8080-exec-40] [http-nio-8080-exec-40] 현재 재고: 74
08:02:21.773 [http-nio-8080-exec-42] [http-nio-8080-exec-42] 현재 재고: 73
08:02:21.780 [http-nio-8080-exec-23] [http-nio-8080-exec-23] 현재 재고: 72
08:02:21.785 [http-nio-8080-exec-53] [http-nio-8080-exec-53] 현재 재고: 71
08:02:21.796 [http-nio-8080-exec-44] [http-nio-8080-exec-44] 현재 재고: 70
08:02:21.802 [http-nio-8080-exec-47] [http-nio-8080-exec-47] 현재 재고: 69
08:02:21.808 [http-nio-8080-exec-12] [http-nio-8080-exec-12] 현재 재고: 68
08:02:21.814 [http-nio-8080-exec-14] [http-nio-8080-exec-14] 현재 재고: 67
08:02:21.821 [http-nio-8080-exec-18] [http-nio-8080-exec-18] 현재 재고: 66
08:02:21.828 [http-nio-8080-exec-38] [http-nio-8080-exec-38] 현재 재고: 65
08:02:21.836 [http-nio-8080-exec-37] [http-nio-8080-exec-37] 현재 재고: 64
08:02:21.843 [http-nio-8080-exec-3] [http-nio-8080-exec-3] 현재 재고: 63
08:02:21.852 [http-nio-8080-exec-34] [http-nio-8080-exec-34] 현재 재고: 62
08:02:21.859 [http-nio-8080-exec-45] [http-nio-8080-exec-45] 현재 재고: 61
08:02:21.865 [http-nio-8080-exec-15] [http-nio-8080-exec-15] 현재 재고: 60
08:02:21.875 [http-nio-8080-exec-48] [http-nio-8080-exec-48] 현재 재고: 61
08:02:21.881 [http-nio-8080-exec-36] [http-nio-8080-exec-36] 현재 재고: 60
08:02:21.892 [http-nio-8080-exec-2] [http-nio-8080-exec-2] 현재 재고: 59
08:02:21.899 [http-nio-8080-exec-39] [http-nio-8080-exec-39] 현재 재고: 58
08:02:21.910 [http-nio-8080-exec-31] [http-nio-8080-exec-31] 현재 재고: 57
08:02:21.916 [http-nio-8080-exec-46] [http-nio-8080-exec-46] 현재 재고: 56
08:02:21.923 [http-nio-8080-exec-1] [http-nio-8080-exec-1] 현재 재고: 55
08:02:21.931 [http-nio-8080-exec-9] [http-nio-8080-exec-9] 현재 재고: 54
08:02:21.937 [http-nio-8080-exec-16] [http-nio-8080-exec-16] 현재 재고: 53
08:02:21.943 [http-nio-8080-exec-24] [http-nio-8080-exec-24] 현재 재고: 52
08:02:21.952 [http-nio-8080-exec-6] [http-nio-8080-exec-6] 현재 재고: 51
08:02:21.958 [http-nio-8080-exec-21] [http-nio-8080-exec-21] 현재 재고: 50
08:02:21.966 [http-nio-8080-exec-16] [http-nio-8080-exec-16] 현재 재고: 49
08:02:21.975 [http-nio-8080-exec-9] [http-nio-8080-exec-9] 현재 재고: 48
08:02:21.984 [http-nio-8080-exec-1] [http-nio-8080-exec-1] 현재 재고: 47
08:02:21.993 [http-nio-8080-exec-46] [http-nio-8080-exec-46] 현재 재고: 46
08:02:22.000 [http-nio-8080-exec-31] [http-nio-8080-exec-31] 현재 재고: 45
08:02:22.012 [http-nio-8080-exec-39] [http-nio-8080-exec-39] 현재 재고: 44
08:02:22.021 [http-nio-8080-exec-2] [http-nio-8080-exec-2] 현재 재고: 43
08:02:22.027 [http-nio-8080-exec-36] [http-nio-8080-exec-36] 현재 재고: 42
08:02:22.033 [http-nio-8080-exec-48] [http-nio-8080-exec-48] 현재 재고: 41
08:02:22.039 [http-nio-8080-exec-15] [http-nio-8080-exec-15] 현재 재고: 40
08:02:22.046 [http-nio-8080-exec-45] [http-nio-8080-exec-45] 현재 재고: 39
08:02:22.053 [http-nio-8080-exec-34] [http-nio-8080-exec-34] 현재 재고: 38
08:02:22.059 [http-nio-8080-exec-3] [http-nio-8080-exec-3] 현재 재고: 37
08:02:22.066 [http-nio-8080-exec-37] [http-nio-8080-exec-37] 현재 재고: 36
08:02:22.073 [http-nio-8080-exec-38] [http-nio-8080-exec-38] 현재 재고: 35
08:02:22.080 [http-nio-8080-exec-18] [http-nio-8080-exec-18] 현재 재고: 34
08:02:22.085 [http-nio-8080-exec-14] [http-nio-8080-exec-14] 현재 재고: 33
08:02:22.094 [http-nio-8080-exec-12] [http-nio-8080-exec-12] 현재 재고: 32
08:02:22.101 [http-nio-8080-exec-47] [http-nio-8080-exec-47] 현재 재고: 31
08:02:22.111 [http-nio-8080-exec-44] [http-nio-8080-exec-44] 현재 재고: 30
08:02:22.117 [http-nio-8080-exec-53] [http-nio-8080-exec-53] 현재 재고: 29
08:02:22.123 [http-nio-8080-exec-23] [http-nio-8080-exec-23] 현재 재고: 28
08:02:22.128 [http-nio-8080-exec-42] [http-nio-8080-exec-42] 현재 재고: 27
08:02:22.134 [http-nio-8080-exec-40] [http-nio-8080-exec-40] 현재 재고: 26
08:02:22.142 [http-nio-8080-exec-4] [http-nio-8080-exec-4] 현재 재고: 25
08:02:22.151 [http-nio-8080-exec-51] [http-nio-8080-exec-51] 현재 재고: 24
08:02:22.155 [http-nio-8080-exec-10] [http-nio-8080-exec-10] 현재 재고: 23
08:02:22.161 [http-nio-8080-exec-50] [http-nio-8080-exec-50] 현재 재고: 22
08:02:22.166 [http-nio-8080-exec-7] [http-nio-8080-exec-7] 현재 재고: 21
08:02:22.173 [http-nio-8080-exec-11] [http-nio-8080-exec-11] 현재 재고: 20
08:02:22.179 [http-nio-8080-exec-49] [http-nio-8080-exec-49] 현재 재고: 19
08:02:22.184 [http-nio-8080-exec-5] [http-nio-8080-exec-5] 현재 재고: 18
08:02:22.189 [http-nio-8080-exec-19] [http-nio-8080-exec-19] 현재 재고: 17
08:02:22.196 [http-nio-8080-exec-22] [http-nio-8080-exec-22] 현재 재고: 16
08:02:22.210 [http-nio-8080-exec-30] [http-nio-8080-exec-30] 현재 재고: 14
08:02:22.215 [http-nio-8080-exec-17] [http-nio-8080-exec-17] 현재 재고: 13
08:02:22.220 [http-nio-8080-exec-52] [http-nio-8080-exec-52] 현재 재고: 12
08:02:22.225 [http-nio-8080-exec-35] [http-nio-8080-exec-35] 현재 재고: 11
08:02:22.230 [http-nio-8080-exec-13] [http-nio-8080-exec-13] 현재 재고: 10
08:02:22.236 [http-nio-8080-exec-25] [http-nio-8080-exec-25] 현재 재고: 9
08:02:22.243 [http-nio-8080-exec-27] [http-nio-8080-exec-27] 현재 재고: 8
08:02:22.248 [http-nio-8080-exec-43] [http-nio-8080-exec-43] 현재 재고: 7
08:02:22.253 [http-nio-8080-exec-8] [http-nio-8080-exec-8] 현재 재고: 6
08:02:22.258 [http-nio-8080-exec-33] [http-nio-8080-exec-33] 현재 재고: 5
08:02:22.262 [http-nio-8080-exec-28] [http-nio-8080-exec-28] 현재 재고: 4
08:02:22.267 [http-nio-8080-exec-43] [http-nio-8080-exec-43] 현재 재고: 3
08:02:22.272 [http-nio-8080-exec-26] [http-nio-8080-exec-26] 현재 재고: 2
08:02:22.278 [http-nio-8080-exec-32] [http-nio-8080-exec-32] 현재 재고: 1
08:02:22.284 [http-nio-8080-exec-41] [http-nio-8080-exec-41] 현재 재고: 0
08:02:22.285 [http-nio-8080-exec-20] [http-nio-8080-exec-20] 현재 재고: 0
08:02:22.287 [http-nio-8080-exec-29] [http-nio-8080-exec-29] 현재 재고: 0
08:02:22.288 [http-nio-8080-exec-28] [http-nio-8080-exec-28] 현재 재고: 0
08:02:22.291 [http-nio-8080-exec-26] [http-nio-8080-exec-26] 현재 재고: 0
08:02:22.292 [http-nio-8080-exec-33] [http-nio-8080-exec-33] 현재 재고: 0
08:02:22.295 [http-nio-8080-exec-8] [http-nio-8080-exec-8] 현재 재고: 0
08:02:22.299 [http-nio-8080-exec-27] [http-nio-8080-exec-27] 현재 재고: 0
08:02:22.303 [http-nio-8080-exec-25] [http-nio-8080-exec-25] 현재 재고: 0
08:02:22.307 [http-nio-8080-exec-13] [http-nio-8080-exec-13] 현재 재고: 0
08:02:22.309 [http-nio-8080-exec-33] [http-nio-8080-exec-33] 현재 재고: 0
08:02:22.312 [http-nio-8080-exec-35] [http-nio-8080-exec-35] 현재 재고: 0
08:02:22.314 [http-nio-8080-exec-52] [http-nio-8080-exec-52] 현재 재고: 0
08:02:22.315 [http-nio-8080-exec-17] [http-nio-8080-exec-17] 현재 재고: 0
08:02:22.318 [http-nio-8080-exec-30] [http-nio-8080-exec-30] 현재 재고: 0
08:02:22.319 [http-nio-8080-exec-22] [http-nio-8080-exec-22] 현재 재고: 0
08:02:22.321 [http-nio-8080-exec-19] [http-nio-8080-exec-19] 현재 재고: 0
08:02:22.323 [http-nio-8080-exec-5] [http-nio-8080-exec-5] 현재 재고: 0
08:02:22.325 [http-nio-8080-exec-49] [http-nio-8080-exec-49] 현재 재고: 0
08:02:22.327 [http-nio-8080-exec-11] [http-nio-8080-exec-11] 현재 재고: 0
08:02:22.329 [http-nio-8080-exec-7] [http-nio-8080-exec-7] 현재 재고: 0
08:02:22.331 [http-nio-8080-exec-50] [http-nio-8080-exec-50] 현재 재고: 0
08:02:22.332 [http-nio-8080-exec-10] [http-nio-8080-exec-10] 현재 재고: 0
08:02:22.335 [http-nio-8080-exec-51] [http-nio-8080-exec-51] 현재 재고: 0
08:02:22.337 [http-nio-8080-exec-4] [http-nio-8080-exec-4] 현재 재고: 0
08:02:22.339 [http-nio-8080-exec-40] [http-nio-8080-exec-40] 현재 재고: 0
08:02:22.341 [http-nio-8080-exec-42] [http-nio-8080-exec-42] 현재 재고: 0
08:02:22.343 [http-nio-8080-exec-23] [http-nio-8080-exec-23] 현재 재고: 0
08:02:22.345 [http-nio-8080-exec-51] [http-nio-8080-exec-51] 현재 재고: 0
08:02:22.347 [http-nio-8080-exec-53] [http-nio-8080-exec-53] 현재 재고: 0
08:02:22.348 [http-nio-8080-exec-44] [http-nio-8080-exec-44] 현재 재고: 0
08:02:22.350 [http-nio-8080-exec-47] [http-nio-8080-exec-47] 현재 재고: 0
08:02:22.352 [http-nio-8080-exec-12] [http-nio-8080-exec-12] 현재 재고: 0
08:02:22.354 [http-nio-8080-exec-14] [http-nio-8080-exec-14] 현재 재고: 0
08:02:22.356 [http-nio-8080-exec-18] [http-nio-8080-exec-18] 현재 재고: 0
08:02:22.359 [http-nio-8080-exec-38] [http-nio-8080-exec-38] 현재 재고: 0
08:02:22.362 [http-nio-8080-exec-14] [http-nio-8080-exec-14] 현재 재고: 0
08:02:22.363 [http-nio-8080-exec-37] [http-nio-8080-exec-37] 현재 재고: 0
08:02:22.365 [http-nio-8080-exec-18] [http-nio-8080-exec-18] 현재 재고: 0
08:02:22.366 [http-nio-8080-exec-3] [http-nio-8080-exec-3] 현재 재고: 0
08:02:22.369 [http-nio-8080-exec-34] [http-nio-8080-exec-34] 현재 재고: 0
08:02:22.371 [http-nio-8080-exec-45] [http-nio-8080-exec-45] 현재 재고: 0
08:02:22.376 [http-nio-8080-exec-37] [http-nio-8080-exec-37] 현재 재고: 0
08:02:22.379 [http-nio-8080-exec-15] [http-nio-8080-exec-15] 현재 재고: 0
08:02:22.381 [http-nio-8080-exec-48] [http-nio-8080-exec-48] 현재 재고: 0
08:02:22.383 [http-nio-8080-exec-36] [http-nio-8080-exec-36] 현재 재고: 0
08:02:22.385 [http-nio-8080-exec-34] [http-nio-8080-exec-34] 현재 재고: 0
08:02:22.391 [http-nio-8080-exec-2] [http-nio-8080-exec-2] 현재 재고: 0
08:02:22.396 [http-nio-8080-exec-39] [http-nio-8080-exec-39] 현재 재고: 0
08:02:22.401 [http-nio-8080-exec-31] [http-nio-8080-exec-31] 현재 재고: 0
08:02:22.407 [http-nio-8080-exec-46] [http-nio-8080-exec-46] 현재 재고: 0
08:02:22.410 [http-nio-8080-exec-1] [http-nio-8080-exec-1] 현재 재고: 0
08:02:22.412 [http-nio-8080-exec-9] [http-nio-8080-exec-9] 현재 재고: 0
08:02:22.414 [http-nio-8080-exec-16] [http-nio-8080-exec-16] 현재 재고: 0
08:02:22.416 [http-nio-8080-exec-21] [http-nio-8080-exec-21] 현재 재고: 0
08:02:22.419 [http-nio-8080-exec-6] [http-nio-8080-exec-6] 현재 재고: 0
08:02:22.421 [http-nio-8080-exec-24] [http-nio-8080-exec-24] 현재 재고: 0
08:02:22.423 [http-nio-8080-exec-46] [http-nio-8080-exec-46] 현재 재고: 0
08:02:22.425 [http-nio-8080-exec-31] [http-nio-8080-exec-31] 현재 재고: 0
08:02:22.429 [http-nio-8080-exec-39] [http-nio-8080-exec-39] 현재 재고: 0
08:02:22.431 [http-nio-8080-exec-2] [http-nio-8080-exec-2] 현재 재고: 0
08:02:22.432 [http-nio-8080-exec-34] [http-nio-8080-exec-34] 현재 재고: 0
08:02:22.434 [http-nio-8080-exec-36] [http-nio-8080-exec-36] 현재 재고: 0
08:02:22.436 [http-nio-8080-exec-48] [http-nio-8080-exec-48] 현재 재고: 0
08:02:22.438 [http-nio-8080-exec-15] [http-nio-8080-exec-15] 현재 재고: 0
08:02:22.444 [http-nio-8080-exec-37] [http-nio-8080-exec-37] 현재 재고: 0
08:02:22.446 [http-nio-8080-exec-45] [http-nio-8080-exec-45] 현재 재고: 0
08:02:22.449 [http-nio-8080-exec-3] [http-nio-8080-exec-3] 현재 재고: 0
08:02:22.453 [http-nio-8080-exec-18] [http-nio-8080-exec-18] 현재 재고: 0
08:02:22.454 [http-nio-8080-exec-45] [http-nio-8080-exec-45] 현재 재고: 0
08:02:22.456 [http-nio-8080-exec-14] [http-nio-8080-exec-14] 현재 재고: 0
08:02:22.458 [http-nio-8080-exec-38] [http-nio-8080-exec-38] 현재 재고: 0
08:02:22.461 [http-nio-8080-exec-12] [http-nio-8080-exec-12] 현재 재고: 0
08:02:22.464 [http-nio-8080-exec-47] [http-nio-8080-exec-47] 현재 재고: 0
08:02:22.468 [http-nio-8080-exec-23] [http-nio-8080-exec-23] 현재 재고: 0
08:02:22.472 [http-nio-8080-exec-53] [http-nio-8080-exec-53] 현재 재고: 0
08:02:22.474 [http-nio-8080-exec-51] [http-nio-8080-exec-51] 현재 재고: 0
08:02:22.476 [http-nio-8080-exec-42] [http-nio-8080-exec-42] 현재 재고: 0
08:02:22.478 [http-nio-8080-exec-44] [http-nio-8080-exec-44] 현재 재고: 0
08:02:22.482 [http-nio-8080-exec-40] [http-nio-8080-exec-40] 현재 재고: 0
08:02:22.483 [http-nio-8080-exec-51] [http-nio-8080-exec-51] 현재 재고: 0
08:02:22.486 [http-nio-8080-exec-4] [http-nio-8080-exec-4] 현재 재고: 0
08:02:22.488 [http-nio-8080-exec-10] [http-nio-8080-exec-10] 현재 재고: 0
08:02:22.491 [http-nio-8080-exec-50] [http-nio-8080-exec-50] 현재 재고: 0
08:02:22.496 [http-nio-8080-exec-7] [http-nio-8080-exec-7] 현재 재고: 0
08:02:22.500 [http-nio-8080-exec-11] [http-nio-8080-exec-11] 현재 재고: 0
08:02:22.503 [http-nio-8080-exec-49] [http-nio-8080-exec-49] 현재 재고: 0
08:02:22.507 [http-nio-8080-exec-51] [http-nio-8080-exec-51] 현재 재고: 0
08:02:22.510 [http-nio-8080-exec-5] [http-nio-8080-exec-5] 현재 재고: 0
08:02:22.518 [http-nio-8080-exec-19] [http-nio-8080-exec-19] 현재 재고: 0
08:02:22.522 [http-nio-8080-exec-22] [http-nio-8080-exec-22] 현재 재고: 0
08:02:22.525 [http-nio-8080-exec-30] [http-nio-8080-exec-30] 현재 재고: 0
08:02:22.529 [http-nio-8080-exec-17] [http-nio-8080-exec-17] 현재 재고: 0
08:02:22.532 [http-nio-8080-exec-52] [http-nio-8080-exec-52] 현재 재고: 0
08:02:22.535 [http-nio-8080-exec-35] [http-nio-8080-exec-35] 현재 재고: 0
08:02:22.538 [http-nio-8080-exec-33] [http-nio-8080-exec-33] 현재 재고: 0
08:02:22.540 [http-nio-8080-exec-13] [http-nio-8080-exec-13] 현재 재고: 0
08:02:22.542 [http-nio-8080-exec-25] [http-nio-8080-exec-25] 현재 재고: 0
08:02:22.545 [http-nio-8080-exec-52] [http-nio-8080-exec-52] 현재 재고: 0
08:02:22.546 [http-nio-8080-exec-27] [http-nio-8080-exec-27] 현재 재고: 0
08:02:22.548 [http-nio-8080-exec-8] [http-nio-8080-exec-8] 현재 재고: 0
08:02:22.549 [http-nio-8080-exec-26] [http-nio-8080-exec-26] 현재 재고: 0
08:02:22.553 [http-nio-8080-exec-32] [http-nio-8080-exec-32] 현재 재고: 0
08:02:22.556 [http-nio-8080-exec-25] [http-nio-8080-exec-25] 현재 재고: 0
08:02:22.560 [http-nio-8080-exec-28] [http-nio-8080-exec-28] 현재 재고: 0
08:02:22.562 [http-nio-8080-exec-27] [http-nio-8080-exec-27] 현재 재고: 0
08:02:22.564 [http-nio-8080-exec-20] [http-nio-8080-exec-20] 현재 재고: 0
08:02:22.567 [http-nio-8080-exec-41] [http-nio-8080-exec-41] 현재 재고: 0
08:02:22.571 [http-nio-8080-exec-29] [http-nio-8080-exec-29] 현재 재고: 0
08:02:22.576 [http-nio-8080-exec-43] [http-nio-8080-exec-43] 현재 재고: 0
08:02:22.582 [http-nio-8080-exec-52] [http-nio-8080-exec-52] 현재 재고: 0
08:02:22.584 [http-nio-8080-exec-27] [http-nio-8080-exec-27] 현재 재고: 0
08:02:22.587 [http-nio-8080-exec-25] [http-nio-8080-exec-25] 현재 재고: 0
08:02:22.591 [http-nio-8080-exec-28] [http-nio-8080-exec-28] 현재 재고: 0
08:02:22.592 [http-nio-8080-exec-26] [http-nio-8080-exec-26] 현재 재고: 0
08:02:22.596 [http-nio-8080-exec-43] [http-nio-8080-exec-43] 현재 재고: 0
08:02:22.597 [http-nio-8080-exec-8] [http-nio-8080-exec-8] 현재 재고: 0
08:02:22.599 [http-nio-8080-exec-32] [http-nio-8080-exec-32] 현재 재고: 0
08:02:22.602 [http-nio-8080-exec-13] [http-nio-8080-exec-13] 현재 재고: 0
08:02:22.604 [http-nio-8080-exec-33] [http-nio-8080-exec-33] 현재 재고: 0
08:02:22.605 [http-nio-8080-exec-35] [http-nio-8080-exec-35] 현재 재고: 0
08:02:22.607 [http-nio-8080-exec-17] [http-nio-8080-exec-17] 현재 재고: 0
08:02:22.612 [http-nio-8080-exec-26] [http-nio-8080-exec-26] 현재 재고: 0
08:02:22.614 [http-nio-8080-exec-30] [http-nio-8080-exec-30] 현재 재고: 0
08:02:22.615 [http-nio-8080-exec-13] [http-nio-8080-exec-13] 현재 재고: 0
08:02:22.618 [http-nio-8080-exec-22] [http-nio-8080-exec-22] 현재 재고: 0
08:02:22.621 [http-nio-8080-exec-19] [http-nio-8080-exec-19] 현재 재고: 0
08:02:22.623 [http-nio-8080-exec-5] [http-nio-8080-exec-5] 현재 재고: 0
08:02:22.628 [http-nio-8080-exec-51] [http-nio-8080-exec-51] 현재 재고: 0
08:02:22.630 [http-nio-8080-exec-49] [http-nio-8080-exec-49] 현재 재고: 0
08:02:22.633 [http-nio-8080-exec-11] [http-nio-8080-exec-11] 현재 재고: 0
08:02:22.635 [http-nio-8080-exec-7] [http-nio-8080-exec-7] 현재 재고: 0
08:02:22.638 [http-nio-8080-exec-50] [http-nio-8080-exec-50] 현재 재고: 0
08:02:22.641 [http-nio-8080-exec-4] [http-nio-8080-exec-4] 현재 재고: 0
08:02:22.643 [http-nio-8080-exec-10] [http-nio-8080-exec-10] 현재 재고: 0
08:02:22.645 [http-nio-8080-exec-49] [http-nio-8080-exec-49] 현재 재고: 0
08:02:22.649 [http-nio-8080-exec-40] [http-nio-8080-exec-40] 현재 재고: 0
08:02:22.653 [http-nio-8080-exec-50] [http-nio-8080-exec-50] 현재 재고: 0
08:02:22.655 [http-nio-8080-exec-42] [http-nio-8080-exec-42] 현재 재고: 0
08:02:22.657 [http-nio-8080-exec-44] [http-nio-8080-exec-44] 현재 재고: 0
08:02:22.660 [http-nio-8080-exec-53] [http-nio-8080-exec-53] 현재 재고: 0
08:02:22.662 [http-nio-8080-exec-23] [http-nio-8080-exec-23] 현재 재고: 0
08:02:22.667 [http-nio-8080-exec-47] [http-nio-8080-exec-47] 현재 재고: 0
08:02:22.669 [http-nio-8080-exec-12] [http-nio-8080-exec-12] 현재 재고: 0
08:02:22.672 [http-nio-8080-exec-38] [http-nio-8080-exec-38] 현재 재고: 0
08:02:22.676 [http-nio-8080-exec-45] [http-nio-8080-exec-45] 현재 재고: 0
08:02:22.679 [http-nio-8080-exec-3] [http-nio-8080-exec-3] 현재 재고: 0
08:02:22.684 [http-nio-8080-exec-23] [http-nio-8080-exec-23] 현재 재고: 0
08:02:22.686 [http-nio-8080-exec-18] [http-nio-8080-exec-18] 현재 재고: 0
08:02:22.691 [http-nio-8080-exec-14] [http-nio-8080-exec-14] 현재 재고: 0
08:02:22.693 [http-nio-8080-exec-48] [http-nio-8080-exec-48] 현재 재고: 0
08:02:22.698 [http-nio-8080-exec-37] [http-nio-8080-exec-37] 현재 재고: 0
08:02:22.702 [http-nio-8080-exec-3] [http-nio-8080-exec-3] 현재 재고: 0
08:02:22.706 [http-nio-8080-exec-15] [http-nio-8080-exec-15] 현재 재고: 0
08:02:22.708 [http-nio-8080-exec-18] [http-nio-8080-exec-18] 현재 재고: 0
08:02:22.711 [http-nio-8080-exec-36] [http-nio-8080-exec-36] 현재 재고: 0
08:02:22.714 [http-nio-8080-exec-2] [http-nio-8080-exec-2] 현재 재고: 0
08:02:22.718 [http-nio-8080-exec-34] [http-nio-8080-exec-34] 현재 재고: 0
08:02:22.723 [http-nio-8080-exec-39] [http-nio-8080-exec-39] 현재 재고: 0
08:02:22.725 [http-nio-8080-exec-46] [http-nio-8080-exec-46] 현재 재고: 0
08:02:22.726 [http-nio-8080-exec-31] [http-nio-8080-exec-31] 현재 재고: 0
08:02:22.729 [http-nio-8080-exec-24] [http-nio-8080-exec-24] 현재 재고: 0
08:02:22.731 [http-nio-8080-exec-6] [http-nio-8080-exec-6] 현재 재고: 0
08:02:22.733 [http-nio-8080-exec-21] [http-nio-8080-exec-21] 현재 재고: 0
08:02:22.737 [http-nio-8080-exec-16] [http-nio-8080-exec-16] 현재 재고: 0
08:02:22.739 [http-nio-8080-exec-9] [http-nio-8080-exec-9] 현재 재고: 0
08:02:22.741 [http-nio-8080-exec-1] [http-nio-8080-exec-1] 현재 재고: 0
08:02:22.747 [http-nio-8080-exec-36] [http-nio-8080-exec-36] 현재 재고: 0
08:02:22.749 [http-nio-8080-exec-46] [http-nio-8080-exec-46] 현재 재고: 0
08:02:22.755 [http-nio-8080-exec-3] [http-nio-8080-exec-3] 현재 재고: 0
08:02:22.759 [http-nio-8080-exec-2] [http-nio-8080-exec-2] 현재 재고: 0
08:02:22.761 [http-nio-8080-exec-21] [http-nio-8080-exec-21] 현재 재고: 0
08:02:22.763 [http-nio-8080-exec-18] [http-nio-8080-exec-18] 현재 재고: 0
08:02:22.765 [http-nio-8080-exec-39] [http-nio-8080-exec-39] 현재 재고: 0
08:02:22.767 [http-nio-8080-exec-15] [http-nio-8080-exec-15] 현재 재고: 0
08:02:22.769 [http-nio-8080-exec-34] [http-nio-8080-exec-34] 현재 재고: 0
08:02:22.772 [http-nio-8080-exec-37] [http-nio-8080-exec-37] 현재 재고: 0
08:02:22.774 [http-nio-8080-exec-48] [http-nio-8080-exec-48] 현재 재고: 0
08:02:22.777 [http-nio-8080-exec-14] [http-nio-8080-exec-14] 현재 재고: 0
08:02:22.781 [http-nio-8080-exec-2] [http-nio-8080-exec-2] 현재 재고: 0
08:02:22.784 [http-nio-8080-exec-23] [http-nio-8080-exec-23] 현재 재고: 0
08:02:22.786 [http-nio-8080-exec-45] [http-nio-8080-exec-45] 현재 재고: 0
08:02:22.787 [http-nio-8080-exec-38] [http-nio-8080-exec-38] 현재 재고: 0
08:02:22.789 [http-nio-8080-exec-47] [http-nio-8080-exec-47] 현재 재고: 0
08:02:22.792 [http-nio-8080-exec-44] [http-nio-8080-exec-44] 현재 재고: 0
08:02:22.794 [http-nio-8080-exec-40] [http-nio-8080-exec-40] 현재 재고: 0
08:02:22.797 [http-nio-8080-exec-12] [http-nio-8080-exec-12] 현재 재고: 0
08:02:22.799 [http-nio-8080-exec-10] [http-nio-8080-exec-10] 현재 재고: 0
08:02:22.800 [http-nio-8080-exec-42] [http-nio-8080-exec-42] 현재 재고: 0
08:02:22.803 [http-nio-8080-exec-53] [http-nio-8080-exec-53] 현재 재고: 0
08:02:22.804 [http-nio-8080-exec-49] [http-nio-8080-exec-49] 현재 재고: 0
08:02:22.806 [http-nio-8080-exec-4] [http-nio-8080-exec-4] 현재 재고: 0
08:02:22.808 [http-nio-8080-exec-50] [http-nio-8080-exec-50] 현재 재고: 0
08:02:22.809 [http-nio-8080-exec-7] [http-nio-8080-exec-7] 현재 재고: 0
08:02:22.812 [http-nio-8080-exec-11] [http-nio-8080-exec-11] 현재 재고: 0
08:02:22.814 [http-nio-8080-exec-51] [http-nio-8080-exec-51] 현재 재고: 0
08:02:22.816 [http-nio-8080-exec-5] [http-nio-8080-exec-5] 현재 재고: 0
08:02:22.818 [http-nio-8080-exec-19] [http-nio-8080-exec-19] 현재 재고: 0
08:02:22.820 [http-nio-8080-exec-22] [http-nio-8080-exec-22] 현재 재고: 0
08:02:22.822 [http-nio-8080-exec-13] [http-nio-8080-exec-13] 현재 재고: 0
08:02:22.823 [http-nio-8080-exec-30] [http-nio-8080-exec-30] 현재 재고: 0
08:02:22.827 [http-nio-8080-exec-26] [http-nio-8080-exec-26] 현재 재고: 0
08:02:22.828 [http-nio-8080-exec-35] [http-nio-8080-exec-35] 현재 재고: 0
08:02:22.830 [http-nio-8080-exec-17] [http-nio-8080-exec-17] 현재 재고: 0
08:02:22.832 [http-nio-8080-exec-33] [http-nio-8080-exec-33] 현재 재고: 0
08:02:22.833 [http-nio-8080-exec-32] [http-nio-8080-exec-32] 현재 재고: 0
08:02:22.834 [http-nio-8080-exec-27] [http-nio-8080-exec-27] 현재 재고: 0
08:02:22.838 [http-nio-8080-exec-43] [http-nio-8080-exec-43] 현재 재고: 0
08:02:22.839 [http-nio-8080-exec-28] [http-nio-8080-exec-28] 현재 재고: 0
08:02:22.842 [http-nio-8080-exec-19] [http-nio-8080-exec-19] 현재 재고: 0
08:02:22.843 [http-nio-8080-exec-25] [http-nio-8080-exec-25] 현재 재고: 0
08:02:22.844 [http-nio-8080-exec-8] [http-nio-8080-exec-8] 현재 재고: 0
08:02:22.847 [http-nio-8080-exec-52] [http-nio-8080-exec-52] 현재 재고: 0
08:02:22.848 [http-nio-8080-exec-29] [http-nio-8080-exec-29] 현재 재고: 0
08:02:22.849 [http-nio-8080-exec-41] [http-nio-8080-exec-41] 현재 재고: 0
08:02:22.852 [http-nio-8080-exec-20] [http-nio-8080-exec-20] 현재 재고: 0
08:02:22.853 [http-nio-8080-exec-35] [http-nio-8080-exec-35] 현재 재고: 0
08:02:22.855 [http-nio-8080-exec-52] [http-nio-8080-exec-52] 현재 재고: 0
08:02:22.857 [http-nio-8080-exec-30] [http-nio-8080-exec-30] 현재 재고: 0
08:02:22.859 [http-nio-8080-exec-13] [http-nio-8080-exec-13] 현재 재고: 0
08:02:22.860 [http-nio-8080-exec-22] [http-nio-8080-exec-22] 현재 재고: 0
08:02:22.862 [http-nio-8080-exec-5] [http-nio-8080-exec-5] 현재 재고: 0
08:02:22.866 [http-nio-8080-exec-11] [http-nio-8080-exec-11] 현재 재고: 0
08:02:22.870 [http-nio-8080-exec-51] [http-nio-8080-exec-51] 현재 재고: 0
08:02:22.873 [http-nio-8080-exec-25] [http-nio-8080-exec-25] 현재 재고: 0
08:02:22.875 [http-nio-8080-exec-8] [http-nio-8080-exec-8] 현재 재고: 0
08:02:22.878 [http-nio-8080-exec-7] [http-nio-8080-exec-7] 현재 재고: 0
08:02:22.881 [http-nio-8080-exec-50] [http-nio-8080-exec-50] 현재 재고: 0
08:02:22.885 [http-nio-8080-exec-4] [http-nio-8080-exec-4] 현재 재고: 0
08:02:22.887 [http-nio-8080-exec-49] [http-nio-8080-exec-49] 현재 재고: 0
08:02:22.892 [http-nio-8080-exec-53] [http-nio-8080-exec-53] 현재 재고: 0
08:02:22.896 [http-nio-8080-exec-42] [http-nio-8080-exec-42] 현재 재고: 0
08:02:22.898 [http-nio-8080-exec-10] [http-nio-8080-exec-10] 현재 재고: 0
08:02:22.901 [http-nio-8080-exec-12] [http-nio-8080-exec-12] 현재 재고: 0
08:02:22.904 [http-nio-8080-exec-40] [http-nio-8080-exec-40] 현재 재고: 0
08:02:22.907 [http-nio-8080-exec-44] [http-nio-8080-exec-44] 현재 재고: 0
08:02:22.908 [http-nio-8080-exec-47] [http-nio-8080-exec-47] 현재 재고: 0
08:02:22.910 [http-nio-8080-exec-38] [http-nio-8080-exec-38] 현재 재고: 0
08:02:22.913 [http-nio-8080-exec-45] [http-nio-8080-exec-45] 현재 재고: 0
08:02:22.914 [http-nio-8080-exec-23] [http-nio-8080-exec-23] 현재 재고: 0
08:02:22.916 [http-nio-8080-exec-2] [http-nio-8080-exec-2] 현재 재고: 0
08:02:22.918 [http-nio-8080-exec-14] [http-nio-8080-exec-14] 현재 재고: 0
08:02:22.921 [http-nio-8080-exec-48] [http-nio-8080-exec-48] 현재 재고: 0
08:02:22.923 [http-nio-8080-exec-37] [http-nio-8080-exec-37] 현재 재고: 0
08:02:22.925 [http-nio-8080-exec-46] [http-nio-8080-exec-46] 현재 재고: 0
08:02:22.928 [http-nio-8080-exec-4] [http-nio-8080-exec-4] 현재 재고: 0
08:02:22.930 [http-nio-8080-exec-15] [http-nio-8080-exec-15] 현재 재고: 0
08:02:22.934 [http-nio-8080-exec-10] [http-nio-8080-exec-10] 현재 재고: 0
08:02:22.936 [http-nio-8080-exec-39] [http-nio-8080-exec-39] 현재 재고: 0
08:02:22.938 [http-nio-8080-exec-18] [http-nio-8080-exec-18] 현재 재고: 0
08:02:22.940 [http-nio-8080-exec-21] [http-nio-8080-exec-21] 현재 재고: 0
08:02:22.942 [http-nio-8080-exec-16] [http-nio-8080-exec-16] 현재 재고: 0
08:02:22.944 [http-nio-8080-exec-3] [http-nio-8080-exec-3] 현재 재고: 0
08:02:22.946 [http-nio-8080-exec-38] [http-nio-8080-exec-38] 현재 재고: 0
08:02:22.948 [http-nio-8080-exec-9] [http-nio-8080-exec-9] 현재 재고: 0
08:02:22.951 [http-nio-8080-exec-36] [http-nio-8080-exec-36] 현재 재고: 0
08:02:22.955 [http-nio-8080-exec-34] [http-nio-8080-exec-34] 현재 재고: 0
08:02:22.956 [http-nio-8080-exec-1] [http-nio-8080-exec-1] 현재 재고: 0
08:02:22.958 [http-nio-8080-exec-31] [http-nio-8080-exec-31] 현재 재고: 0
08:02:22.960 [http-nio-8080-exec-6] [http-nio-8080-exec-6] 현재 재고: 0
08:02:22.964 [http-nio-8080-exec-24] [http-nio-8080-exec-24] 현재 재고: 0
08:02:22.966 [http-nio-8080-exec-46] [http-nio-8080-exec-46] 현재 재고: 0
08:02:22.969 [http-nio-8080-exec-15] [http-nio-8080-exec-15] 현재 재고: 0
08:02:22.971 [http-nio-8080-exec-37] [http-nio-8080-exec-37] 현재 재고: 0
08:02:22.973 [http-nio-8080-exec-48] [http-nio-8080-exec-48] 현재 재고: 0
08:02:22.975 [http-nio-8080-exec-14] [http-nio-8080-exec-14] 현재 재고: 0
08:02:22.978 [http-nio-8080-exec-21] [http-nio-8080-exec-21] 현재 재고: 0
08:02:22.980 [http-nio-8080-exec-2] [http-nio-8080-exec-2] 현재 재고: 0
08:02:22.983 [http-nio-8080-exec-23] [http-nio-8080-exec-23] 현재 재고: 0
08:02:22.985 [http-nio-8080-exec-45] [http-nio-8080-exec-45] 현재 재고: 0
08:02:22.988 [http-nio-8080-exec-47] [http-nio-8080-exec-47] 현재 재고: 0
08:02:22.989 [http-nio-8080-exec-44] [http-nio-8080-exec-44] 현재 재고: 0
08:02:22.991 [http-nio-8080-exec-40] [http-nio-8080-exec-40] 현재 재고: 0
08:02:22.994 [http-nio-8080-exec-12] [http-nio-8080-exec-12] 현재 재고: 0
08:02:22.996 [http-nio-8080-exec-42] [http-nio-8080-exec-42] 현재 재고: 0
08:02:22.998 [http-nio-8080-exec-49] [http-nio-8080-exec-49] 현재 재고: 0
08:02:23.001 [http-nio-8080-exec-53] [http-nio-8080-exec-53] 현재 재고: 0
08:02:23.004 [http-nio-8080-exec-50] [http-nio-8080-exec-50] 현재 재고: 0
08:02:23.007 [http-nio-8080-exec-7] [http-nio-8080-exec-7] 현재 재고: 0
08:02:23.009 [http-nio-8080-exec-48] [http-nio-8080-exec-48] 현재 재고: 0
08:02:23.010 [http-nio-8080-exec-8] [http-nio-8080-exec-8] 현재 재고: 0
08:02:23.012 [http-nio-8080-exec-25] [http-nio-8080-exec-25] 현재 재고: 0
08:02:23.014 [http-nio-8080-exec-51] [http-nio-8080-exec-51] 현재 재고: 0
08:02:23.017 [http-nio-8080-exec-19] [http-nio-8080-exec-19] 현재 재고: 0
08:02:23.022 [http-nio-8080-exec-43] [http-nio-8080-exec-43] 현재 재고: 0
08:02:23.025 [http-nio-8080-exec-47] [http-nio-8080-exec-47] 현재 재고: 0
08:02:23.027 [http-nio-8080-exec-22] [http-nio-8080-exec-22] 현재 재고: 0
08:02:23.030 [http-nio-8080-exec-13] [http-nio-8080-exec-13] 현재 재고: 0
08:02:23.033 [http-nio-8080-exec-12] [http-nio-8080-exec-12] 현재 재고: 0
08:02:23.035 [http-nio-8080-exec-30] [http-nio-8080-exec-30] 현재 재고: 0
08:02:23.037 [http-nio-8080-exec-52] [http-nio-8080-exec-52] 현재 재고: 0
08:02:23.040 [http-nio-8080-exec-35] [http-nio-8080-exec-35] 현재 재고: 0
08:02:23.042 [http-nio-8080-exec-41] [http-nio-8080-exec-41] 현재 재고: 0
08:02:23.043 [http-nio-8080-exec-7] [http-nio-8080-exec-7] 현재 재고: 0
08:02:23.045 [http-nio-8080-exec-20] [http-nio-8080-exec-20] 현재 재고: 0
08:02:23.048 [http-nio-8080-exec-29] [http-nio-8080-exec-29] 현재 재고: 0
08:02:23.050 [http-nio-8080-exec-26] [http-nio-8080-exec-26] 현재 재고: 0
08:02:23.052 [http-nio-8080-exec-11] [http-nio-8080-exec-11] 현재 재고: 0
08:02:23.055 [http-nio-8080-exec-28] [http-nio-8080-exec-28] 현재 재고: 0
08:02:23.056 [http-nio-8080-exec-5] [http-nio-8080-exec-5] 현재 재고: 0
08:02:23.059 [http-nio-8080-exec-27] [http-nio-8080-exec-27] 현재 재고: 0
08:02:23.061 [http-nio-8080-exec-32] [http-nio-8080-exec-32] 현재 재고: 0
08:02:23.064 [http-nio-8080-exec-13] [http-nio-8080-exec-13] 현재 재고: 0
08:02:23.066 [http-nio-8080-exec-33] [http-nio-8080-exec-33] 현재 재고: 0
08:02:23.070 [http-nio-8080-exec-17] [http-nio-8080-exec-17] 현재 재고: 0
08:02:23.075 [http-nio-8080-exec-52] [http-nio-8080-exec-52] 현재 재고: 0
08:02:23.079 [http-nio-8080-exec-35] [http-nio-8080-exec-35] 현재 재고: 0
08:02:23.081 [http-nio-8080-exec-30] [http-nio-8080-exec-30] 현재 재고: 0
08:02:23.085 [http-nio-8080-exec-12] [http-nio-8080-exec-12] 현재 재고: 0
08:02:23.089 [http-nio-8080-exec-22] [http-nio-8080-exec-22] 현재 재고: 0
08:02:23.095 [http-nio-8080-exec-47] [http-nio-8080-exec-47] 현재 재고: 0
08:02:23.099 [http-nio-8080-exec-44] [http-nio-8080-exec-44] 현재 재고: 0
08:02:23.103 [http-nio-8080-exec-19] [http-nio-8080-exec-19] 현재 재고: 0
08:02:23.107 [http-nio-8080-exec-51] [http-nio-8080-exec-51] 현재 재고: 0
08:02:23.111 [http-nio-8080-exec-25] [http-nio-8080-exec-25] 현재 재고: 0
08:02:23.114 [http-nio-8080-exec-8] [http-nio-8080-exec-8] 현재 재고: 0
08:02:23.119 [http-nio-8080-exec-33] [http-nio-8080-exec-33] 현재 재고: 0
08:02:23.121 [http-nio-8080-exec-48] [http-nio-8080-exec-48] 현재 재고: 0
08:02:23.123 [http-nio-8080-exec-50] [http-nio-8080-exec-50] 현재 재고: 0
08:02:23.128 [http-nio-8080-exec-53] [http-nio-8080-exec-53] 현재 재고: 0
08:02:23.130 [http-nio-8080-exec-49] [http-nio-8080-exec-49] 현재 재고: 0
08:02:23.133 [http-nio-8080-exec-42] [http-nio-8080-exec-42] 현재 재고: 0
08:02:23.135 [http-nio-8080-exec-40] [http-nio-8080-exec-40] 현재 재고: 0
08:02:23.142 [http-nio-8080-exec-43] [http-nio-8080-exec-43] 현재 재고: 0
08:02:23.145 [http-nio-8080-exec-45] [http-nio-8080-exec-45] 현재 재고: 0
08:02:23.149 [http-nio-8080-exec-23] [http-nio-8080-exec-23] 현재 재고: 0
08:02:23.152 [http-nio-8080-exec-2] [http-nio-8080-exec-2] 현재 재고: 0
08:02:23.154 [http-nio-8080-exec-21] [http-nio-8080-exec-21] 현재 재고: 0
08:02:23.156 [http-nio-8080-exec-14] [http-nio-8080-exec-14] 현재 재고: 0
08:02:23.157 [http-nio-8080-exec-37] [http-nio-8080-exec-37] 현재 재고: 0
08:02:23.159 [http-nio-8080-exec-15] [http-nio-8080-exec-15] 현재 재고: 0
08:02:23.165 [http-nio-8080-exec-46] [http-nio-8080-exec-46] 현재 재고: 0
08:02:23.168 [http-nio-8080-exec-24] [http-nio-8080-exec-24] 현재 재고: 0
08:02:23.174 [http-nio-8080-exec-6] [http-nio-8080-exec-6] 현재 재고: 0
08:02:23.179 [http-nio-8080-exec-31] [http-nio-8080-exec-31] 현재 재고: 0
08:02:23.182 [http-nio-8080-exec-45] [http-nio-8080-exec-45] 현재 재고: 0
08:02:23.185 [http-nio-8080-exec-34] [http-nio-8080-exec-34] 현재 재고: 0
08:02:23.188 [http-nio-8080-exec-21] [http-nio-8080-exec-21] 현재 재고: 0
08:02:23.190 [http-nio-8080-exec-1] [http-nio-8080-exec-1] 현재 재고: 0
08:02:23.192 [http-nio-8080-exec-36] [http-nio-8080-exec-36] 현재 재고: 0
08:02:23.194 [http-nio-8080-exec-9] [http-nio-8080-exec-9] 현재 재고: 0
08:02:23.196 [http-nio-8080-exec-38] [http-nio-8080-exec-38] 현재 재고: 0
08:02:23.198 [http-nio-8080-exec-3] [http-nio-8080-exec-3] 현재 재고: 0
08:02:23.200 [http-nio-8080-exec-16] [http-nio-8080-exec-16] 현재 재고: 0
08:02:23.202 [http-nio-8080-exec-18] [http-nio-8080-exec-18] 현재 재고: 0
08:02:23.204 [http-nio-8080-exec-39] [http-nio-8080-exec-39] 현재 재고: 0
08:02:23.206 [http-nio-8080-exec-10] [http-nio-8080-exec-10] 현재 재고: 0
08:02:23.208 [http-nio-8080-exec-4] [http-nio-8080-exec-4] 현재 재고: 0
08:02:23.211 [http-nio-8080-exec-1] [http-nio-8080-exec-1] 현재 재고: 0
08:02:23.213 [http-nio-8080-exec-21] [http-nio-8080-exec-21] 현재 재고: 0
08:02:23.214 [http-nio-8080-exec-36] [http-nio-8080-exec-36] 현재 재고: 0
08:02:23.216 [http-nio-8080-exec-34] [http-nio-8080-exec-34] 현재 재고: 0
08:02:23.217 [http-nio-8080-exec-38] [http-nio-8080-exec-38] 현재 재고: 0
08:02:23.219 [http-nio-8080-exec-45] [http-nio-8080-exec-45] 현재 재고: 0
08:02:23.220 [http-nio-8080-exec-31] [http-nio-8080-exec-31] 현재 재고: 0
08:02:23.222 [http-nio-8080-exec-6] [http-nio-8080-exec-6] 현재 재고: 0
08:02:23.223 [http-nio-8080-exec-24] [http-nio-8080-exec-24] 현재 재고: 0
08:02:23.224 [http-nio-8080-exec-46] [http-nio-8080-exec-46] 현재 재고: 0
08:02:23.226 [http-nio-8080-exec-15] [http-nio-8080-exec-15] 현재 재고: 0
08:02:23.227 [http-nio-8080-exec-37] [http-nio-8080-exec-37] 현재 재고: 0
08:02:23.233 [http-nio-8080-exec-14] [http-nio-8080-exec-14] 현재 재고: 0
08:02:23.234 [http-nio-8080-exec-2] [http-nio-8080-exec-2] 현재 재고: 0
08:02:23.236 [http-nio-8080-exec-23] [http-nio-8080-exec-23] 현재 재고: 0
08:02:23.237 [http-nio-8080-exec-43] [http-nio-8080-exec-43] 현재 재고: 0
08:02:23.239 [http-nio-8080-exec-40] [http-nio-8080-exec-40] 현재 재고: 0
08:02:23.240 [http-nio-8080-exec-42] [http-nio-8080-exec-42] 현재 재고: 0
08:02:23.241 [http-nio-8080-exec-49] [http-nio-8080-exec-49] 현재 재고: 0
08:02:23.246 [http-nio-8080-exec-53] [http-nio-8080-exec-53] 현재 재고: 0
08:02:23.247 [http-nio-8080-exec-50] [http-nio-8080-exec-50] 현재 재고: 0
08:02:23.248 [http-nio-8080-exec-48] [http-nio-8080-exec-48] 현재 재고: 0
08:02:23.249 [http-nio-8080-exec-33] [http-nio-8080-exec-33] 현재 재고: 0
08:02:23.250 [http-nio-8080-exec-8] [http-nio-8080-exec-8] 현재 재고: 0
08:02:23.252 [http-nio-8080-exec-25] [http-nio-8080-exec-25] 현재 재고: 0
08:02:23.253 [http-nio-8080-exec-51] [http-nio-8080-exec-51] 현재 재고: 0
08:02:23.256 [http-nio-8080-exec-19] [http-nio-8080-exec-19] 현재 재고: 0
08:02:23.257 [http-nio-8080-exec-44] [http-nio-8080-exec-44] 현재 재고: 0
08:02:23.258 [http-nio-8080-exec-47] [http-nio-8080-exec-47] 현재 재고: 0
08:02:23.259 [http-nio-8080-exec-26] [http-nio-8080-exec-26] 현재 재고: 0
08:02:23.261 [http-nio-8080-exec-12] [http-nio-8080-exec-12] 현재 재고: 0
08:02:23.262 [http-nio-8080-exec-30] [http-nio-8080-exec-30] 현재 재고: 0
08:02:23.263 [http-nio-8080-exec-35] [http-nio-8080-exec-35] 현재 재고: 0
08:02:23.264 [http-nio-8080-exec-52] [http-nio-8080-exec-52] 현재 재고: 0
08:02:23.265 [http-nio-8080-exec-17] [http-nio-8080-exec-17] 현재 재고: 0
08:02:23.267 [http-nio-8080-exec-13] [http-nio-8080-exec-13] 현재 재고: 0
08:02:23.268 [http-nio-8080-exec-32] [http-nio-8080-exec-32] 현재 재고: 0
08:02:23.269 [http-nio-8080-exec-27] [http-nio-8080-exec-27] 현재 재고: 0
08:02:23.271 [http-nio-8080-exec-5] [http-nio-8080-exec-5] 현재 재고: 0
08:02:23.274 [http-nio-8080-exec-11] [http-nio-8080-exec-11] 현재 재고: 0
08:02:23.276 [http-nio-8080-exec-28] [http-nio-8080-exec-28] 현재 재고: 0
08:02:23.278 [http-nio-8080-exec-29] [http-nio-8080-exec-29] 현재 재고: 0
08:02:23.280 [http-nio-8080-exec-22] [http-nio-8080-exec-22] 현재 재고: 0
08:02:23.281 [http-nio-8080-exec-20] [http-nio-8080-exec-20] 현재 재고: 0
08:02:23.283 [http-nio-8080-exec-7] [http-nio-8080-exec-7] 현재 재고: 0
08:02:23.287 [http-nio-8080-exec-41] [http-nio-8080-exec-41] 현재 재고: 0
08:02:23.291 [http-nio-8080-exec-10] [http-nio-8080-exec-10] 현재 재고: 0
08:02:23.292 [http-nio-8080-exec-39] [http-nio-8080-exec-39] 현재 재고: 0
08:02:23.294 [http-nio-8080-exec-18] [http-nio-8080-exec-18] 현재 재고: 0
08:02:23.295 [http-nio-8080-exec-16] [http-nio-8080-exec-16] 현재 재고: 0
08:02:23.297 [http-nio-8080-exec-34] [http-nio-8080-exec-34] 현재 재고: 0
08:02:23.298 [http-nio-8080-exec-9] [http-nio-8080-exec-9] 현재 재고: 0
11:37:34.015 [SpringApplicationShutdownHook] Commencing graceful shutdown. Waiting for active requests to complete
11:37:34.044 [tomcat-shutdown] Graceful shutdown complete
11:37:34.073 [SpringApplicationShutdownHook] Closing JPA EntityManagerFactory for persistence unit 'default'
11:37:34.103 [SpringApplicationShutdownHook] HikariPool-1 - Shutdown initiated...
11:37:34.131 [SpringApplicationShutdownHook] HikariPool-1 - Shutdown completed.
