08:01:56.081 [main] Starting ConcurrencyCouponApplication v0.0.1-SNAPSHOT using Java 17.0.18 with PID 1 (/app/app.jar started by root in /app)
08:01:56.083 [main] No active profile set, falling back to 1 default profile: "default"
08:01:56.758 [main] Bootstrapping Spring Data JPA repositories in DEFAULT mode.
08:01:56.804 [main] Finished Spring Data repository scanning in 36 ms. Found 3 JPA repository interfaces.
08:01:57.180 [main] Tomcat initialized with port 8080 (http)
08:01:57.192 [main] Starting service [Tomcat]
08:01:57.193 [main] Starting Servlet engine: [Apache Tomcat/10.1.52]
08:01:57.212 [main] Initializing Spring embedded WebApplicationContext
08:01:57.214 [main] Root WebApplicationContext: initialization completed in 1076 ms
08:01:57.437 [main] HHH000204: Processing PersistenceUnitInfo [name: default]
08:01:57.465 [main] HHH000412: Hibernate ORM core version 6.6.44.Final
08:01:57.496 [main] HHH000026: Second-level cache disabled
08:01:57.733 [main] No LoadTimeWeaver setup: ignoring JPA class transformer
08:01:57.755 [main] HikariPool-1 - Starting...
08:01:57.975 [main] HikariPool-1 - Added connection com.mysql.cj.jdbc.ConnectionImpl@7878bbdb
08:01:57.977 [main] HikariPool-1 - Start completed.
08:01:58.071 [main] HHH10001005: Database info:
	Database JDBC URL [Connecting through datasource 'HikariDataSource (HikariPool-1)']
	Database driver: undefined/unknown
	Database version: 8.0.45
	Autocommit mode: undefined/unknown
	Isolation level: undefined/unknown
	Minimum pool size: undefined/unknown
	Maximum pool size: undefined/unknown
08:01:58.558 [main] HHH000489: No JTA platform available (set 'hibernate.transaction.jta.platform' to enable JTA platform integration)
08:01:58.560 [main] Initialized JPA EntityManagerFactory for persistence unit 'default'
08:02:01.899 [main] Tomcat started on port 8080 (http) with context path '/'
08:02:01.915 [main] Started ConcurrencyCouponApplication in 6.692 seconds (process running for 7.141)
08:02:21.278 [http-nio-8080-exec-27] Initializing Spring DispatcherServlet 'dispatcherServlet'
08:02:21.280 [http-nio-8080-exec-27] Initializing Servlet 'dispatcherServlet'
08:02:21.287 [http-nio-8080-exec-27] Completed initialization in 6 ms
08:02:21.458 [http-nio-8080-exec-23] [http-nio-8080-exec-23] 현재 재고: 100
08:02:21.533 [http-nio-8080-exec-45] [http-nio-8080-exec-45] 현재 재고: 98
08:02:21.557 [http-nio-8080-exec-10] [http-nio-8080-exec-10] 현재 재고: 97
08:02:21.563 [http-nio-8080-exec-24] [http-nio-8080-exec-24] 현재 재고: 96
08:02:21.573 [http-nio-8080-exec-26] [http-nio-8080-exec-26] 현재 재고: 95
08:02:21.588 [http-nio-8080-exec-47] [http-nio-8080-exec-47] 현재 재고: 94
08:02:21.608 [http-nio-8080-exec-31] [http-nio-8080-exec-31] 현재 재고: 93
08:02:21.618 [http-nio-8080-exec-30] [http-nio-8080-exec-30] 현재 재고: 92
08:02:21.630 [http-nio-8080-exec-27] [http-nio-8080-exec-27] 현재 재고: 91
08:02:21.639 [http-nio-8080-exec-44] [http-nio-8080-exec-44] 현재 재고: 90
08:02:21.647 [http-nio-8080-exec-11] [http-nio-8080-exec-11] 현재 재고: 89
08:02:21.656 [http-nio-8080-exec-32] [http-nio-8080-exec-32] 현재 재고: 88
08:02:21.664 [http-nio-8080-exec-33] [http-nio-8080-exec-33] 현재 재고: 87
08:02:21.671 [http-nio-8080-exec-16] [http-nio-8080-exec-16] 현재 재고: 86
08:02:21.682 [http-nio-8080-exec-46] [http-nio-8080-exec-46] 현재 재고: 85
08:02:21.704 [http-nio-8080-exec-17] [http-nio-8080-exec-17] 현재 재고: 84
08:02:21.711 [http-nio-8080-exec-29] [http-nio-8080-exec-29] 현재 재고: 83
08:02:21.718 [http-nio-8080-exec-38] [http-nio-8080-exec-38] 현재 재고: 82
08:02:21.726 [http-nio-8080-exec-2] [http-nio-8080-exec-2] 현재 재고: 81
08:02:21.731 [http-nio-8080-exec-14] [http-nio-8080-exec-14] 현재 재고: 80
08:02:21.741 [http-nio-8080-exec-41] [http-nio-8080-exec-41] 현재 재고: 79
08:02:21.748 [http-nio-8080-exec-19] [http-nio-8080-exec-19] 현재 재고: 78
08:02:21.756 [http-nio-8080-exec-8] [http-nio-8080-exec-8] 현재 재고: 77
08:02:21.762 [http-nio-8080-exec-9] [http-nio-8080-exec-9] 현재 재고: 76
08:02:21.770 [http-nio-8080-exec-28] [http-nio-8080-exec-28] 현재 재고: 75
08:02:21.777 [http-nio-8080-exec-40] [http-nio-8080-exec-40] 현재 재고: 74
08:02:21.783 [http-nio-8080-exec-15] [http-nio-8080-exec-15] 현재 재고: 73
08:02:21.790 [http-nio-8080-exec-6] [http-nio-8080-exec-6] 현재 재고: 72
08:02:21.799 [http-nio-8080-exec-12] [http-nio-8080-exec-12] 현재 재고: 71
08:02:21.806 [http-nio-8080-exec-37] [http-nio-8080-exec-37] 현재 재고: 70
08:02:21.811 [http-nio-8080-exec-43] [http-nio-8080-exec-43] 현재 재고: 69
08:02:21.818 [http-nio-8080-exec-34] [http-nio-8080-exec-34] 현재 재고: 68
08:02:21.824 [http-nio-8080-exec-42] [http-nio-8080-exec-42] 현재 재고: 67
08:02:21.832 [http-nio-8080-exec-25] [http-nio-8080-exec-25] 현재 재고: 66
08:02:21.840 [http-nio-8080-exec-21] [http-nio-8080-exec-21] 현재 재고: 65
08:02:21.846 [http-nio-8080-exec-20] [http-nio-8080-exec-20] 현재 재고: 64
08:02:21.855 [http-nio-8080-exec-4] [http-nio-8080-exec-4] 현재 재고: 63
08:02:21.863 [http-nio-8080-exec-39] [http-nio-8080-exec-39] 현재 재고: 62
08:02:21.873 [http-nio-8080-exec-7] [http-nio-8080-exec-7] 현재 재고: 61
08:02:21.881 [http-nio-8080-exec-18] [http-nio-8080-exec-18] 현재 재고: 60
08:02:21.892 [http-nio-8080-exec-36] [http-nio-8080-exec-36] 현재 재고: 59
08:02:21.899 [http-nio-8080-exec-1] [http-nio-8080-exec-1] 현재 재고: 58
08:02:21.907 [http-nio-8080-exec-3] [http-nio-8080-exec-3] 현재 재고: 57
08:02:21.914 [http-nio-8080-exec-35] [http-nio-8080-exec-35] 현재 재고: 56
08:02:21.921 [http-nio-8080-exec-22] [http-nio-8080-exec-22] 현재 재고: 55
08:02:21.927 [http-nio-8080-exec-13] [http-nio-8080-exec-13] 현재 재고: 54
08:02:21.932 [http-nio-8080-exec-5] [http-nio-8080-exec-5] 현재 재고: 53
08:02:21.940 [http-nio-8080-exec-22] [http-nio-8080-exec-22] 현재 재고: 52
08:02:21.947 [http-nio-8080-exec-35] [http-nio-8080-exec-35] 현재 재고: 51
08:02:21.954 [http-nio-8080-exec-3] [http-nio-8080-exec-3] 현재 재고: 50
08:02:21.963 [http-nio-8080-exec-1] [http-nio-8080-exec-1] 현재 재고: 49
08:02:21.970 [http-nio-8080-exec-51] [http-nio-8080-exec-51] 현재 재고: 48
08:02:21.978 [http-nio-8080-exec-36] [http-nio-8080-exec-36] 현재 재고: 47
08:02:21.989 [http-nio-8080-exec-18] [http-nio-8080-exec-18] 현재 재고: 46
08:02:21.998 [http-nio-8080-exec-7] [http-nio-8080-exec-7] 현재 재고: 45
08:02:22.006 [http-nio-8080-exec-39] [http-nio-8080-exec-39] 현재 재고: 44
08:02:22.017 [http-nio-8080-exec-4] [http-nio-8080-exec-4] 현재 재고: 43
08:02:22.023 [http-nio-8080-exec-20] [http-nio-8080-exec-20] 현재 재고: 42
08:02:22.029 [http-nio-8080-exec-21] [http-nio-8080-exec-21] 현재 재고: 41
08:02:22.036 [http-nio-8080-exec-25] [http-nio-8080-exec-25] 현재 재고: 40
08:02:22.043 [http-nio-8080-exec-42] [http-nio-8080-exec-42] 현재 재고: 39
08:02:22.049 [http-nio-8080-exec-34] [http-nio-8080-exec-34] 현재 재고: 38
08:02:22.058 [http-nio-8080-exec-43] [http-nio-8080-exec-43] 현재 재고: 37
08:02:22.063 [http-nio-8080-exec-37] [http-nio-8080-exec-37] 현재 재고: 36
08:02:22.070 [http-nio-8080-exec-12] [http-nio-8080-exec-12] 현재 재고: 35
08:02:22.077 [http-nio-8080-exec-6] [http-nio-8080-exec-6] 현재 재고: 34
08:02:22.083 [http-nio-8080-exec-15] [http-nio-8080-exec-15] 현재 재고: 33
08:02:22.089 [http-nio-8080-exec-40] [http-nio-8080-exec-40] 현재 재고: 32
08:02:22.097 [http-nio-8080-exec-28] [http-nio-8080-exec-28] 현재 재고: 31
08:02:22.105 [http-nio-8080-exec-9] [http-nio-8080-exec-9] 현재 재고: 30
08:02:22.113 [http-nio-8080-exec-8] [http-nio-8080-exec-8] 현재 재고: 29
08:02:22.120 [http-nio-8080-exec-19] [http-nio-8080-exec-19] 현재 재고: 28
08:02:22.126 [http-nio-8080-exec-41] [http-nio-8080-exec-41] 현재 재고: 27
08:02:22.132 [http-nio-8080-exec-14] [http-nio-8080-exec-14] 현재 재고: 26
08:02:22.139 [http-nio-8080-exec-2] [http-nio-8080-exec-2] 현재 재고: 25
08:02:22.144 [http-nio-8080-exec-50] [http-nio-8080-exec-50] 현재 재고: 24
08:02:22.153 [http-nio-8080-exec-38] [http-nio-8080-exec-38] 현재 재고: 23
08:02:22.159 [http-nio-8080-exec-29] [http-nio-8080-exec-29] 현재 재고: 22
08:02:22.164 [http-nio-8080-exec-17] [http-nio-8080-exec-17] 현재 재고: 21
08:02:22.170 [http-nio-8080-exec-46] [http-nio-8080-exec-46] 현재 재고: 20
08:02:22.176 [http-nio-8080-exec-16] [http-nio-8080-exec-16] 현재 재고: 19
08:02:22.181 [http-nio-8080-exec-33] [http-nio-8080-exec-33] 현재 재고: 18
08:02:22.187 [http-nio-8080-exec-32] [http-nio-8080-exec-32] 현재 재고: 17
08:02:22.193 [http-nio-8080-exec-11] [http-nio-8080-exec-11] 현재 재고: 16
08:02:22.203 [http-nio-8080-exec-44] [http-nio-8080-exec-44] 현재 재고: 15
08:02:22.210 [http-nio-8080-exec-27] [http-nio-8080-exec-27] 현재 재고: 14
08:02:22.215 [http-nio-8080-exec-30] [http-nio-8080-exec-30] 현재 재고: 13
08:02:22.220 [http-nio-8080-exec-31] [http-nio-8080-exec-31] 현재 재고: 12
08:02:22.225 [http-nio-8080-exec-47] [http-nio-8080-exec-47] 현재 재고: 11
08:02:22.229 [http-nio-8080-exec-49] [http-nio-8080-exec-49] 현재 재고: 10
08:02:22.236 [http-nio-8080-exec-26] [http-nio-8080-exec-26] 현재 재고: 9
08:02:22.243 [http-nio-8080-exec-24] [http-nio-8080-exec-24] 현재 재고: 8
08:02:22.248 [http-nio-8080-exec-10] [http-nio-8080-exec-10] 현재 재고: 7
08:02:22.253 [http-nio-8080-exec-45] [http-nio-8080-exec-45] 현재 재고: 6
08:02:22.259 [http-nio-8080-exec-23] [http-nio-8080-exec-23] 현재 재고: 5
08:02:22.265 [http-nio-8080-exec-48] [http-nio-8080-exec-48] 현재 재고: 4
08:02:22.272 [http-nio-8080-exec-45] [http-nio-8080-exec-45] 현재 재고: 2
08:02:22.278 [http-nio-8080-exec-10] [http-nio-8080-exec-10] 현재 재고: 1
08:02:22.284 [http-nio-8080-exec-24] [http-nio-8080-exec-24] 현재 재고: 0
08:02:22.287 [http-nio-8080-exec-26] [http-nio-8080-exec-26] 현재 재고: 0
08:02:22.290 [http-nio-8080-exec-49] [http-nio-8080-exec-49] 현재 재고: 0
08:02:22.292 [http-nio-8080-exec-47] [http-nio-8080-exec-47] 현재 재고: 0
08:02:22.294 [http-nio-8080-exec-31] [http-nio-8080-exec-31] 현재 재고: 0
08:02:22.295 [http-nio-8080-exec-30] [http-nio-8080-exec-30] 현재 재고: 0
08:02:22.299 [http-nio-8080-exec-27] [http-nio-8080-exec-27] 현재 재고: 0
08:02:22.304 [http-nio-8080-exec-44] [http-nio-8080-exec-44] 현재 재고: 0
08:02:22.305 [http-nio-8080-exec-11] [http-nio-8080-exec-11] 현재 재고: 0
08:02:22.307 [http-nio-8080-exec-27] [http-nio-8080-exec-27] 현재 재고: 0
08:02:22.309 [http-nio-8080-exec-32] [http-nio-8080-exec-32] 현재 재고: 0
08:02:22.310 [http-nio-8080-exec-33] [http-nio-8080-exec-33] 현재 재고: 0
08:02:22.312 [http-nio-8080-exec-16] [http-nio-8080-exec-16] 현재 재고: 0
08:02:22.315 [http-nio-8080-exec-46] [http-nio-8080-exec-46] 현재 재고: 0
08:02:22.317 [http-nio-8080-exec-17] [http-nio-8080-exec-17] 현재 재고: 0
08:02:22.319 [http-nio-8080-exec-29] [http-nio-8080-exec-29] 현재 재고: 0
08:02:22.320 [http-nio-8080-exec-38] [http-nio-8080-exec-38] 현재 재고: 0
08:02:22.323 [http-nio-8080-exec-50] [http-nio-8080-exec-50] 현재 재고: 0
08:02:22.325 [http-nio-8080-exec-2] [http-nio-8080-exec-2] 현재 재고: 0
08:02:22.327 [http-nio-8080-exec-8] [http-nio-8080-exec-8] 현재 재고: 0
08:02:22.330 [http-nio-8080-exec-41] [http-nio-8080-exec-41] 현재 재고: 0
08:02:22.334 [http-nio-8080-exec-19] [http-nio-8080-exec-19] 현재 재고: 0
08:02:22.336 [http-nio-8080-exec-14] [http-nio-8080-exec-14] 현재 재고: 0
08:02:22.338 [http-nio-8080-exec-9] [http-nio-8080-exec-9] 현재 재고: 0
08:02:22.339 [http-nio-8080-exec-41] [http-nio-8080-exec-41] 현재 재고: 0
08:02:22.341 [http-nio-8080-exec-28] [http-nio-8080-exec-28] 현재 재고: 0
08:02:22.343 [http-nio-8080-exec-40] [http-nio-8080-exec-40] 현재 재고: 0
08:02:22.345 [http-nio-8080-exec-19] [http-nio-8080-exec-19] 현재 재고: 0
08:02:22.347 [http-nio-8080-exec-15] [http-nio-8080-exec-15] 현재 재고: 0
08:02:22.349 [http-nio-8080-exec-6] [http-nio-8080-exec-6] 현재 재고: 0
08:02:22.350 [http-nio-8080-exec-12] [http-nio-8080-exec-12] 현재 재고: 0
08:02:22.353 [http-nio-8080-exec-37] [http-nio-8080-exec-37] 현재 재고: 0
08:02:22.354 [http-nio-8080-exec-43] [http-nio-8080-exec-43] 현재 재고: 0
08:02:22.356 [http-nio-8080-exec-34] [http-nio-8080-exec-34] 현재 재고: 0
08:02:22.358 [http-nio-8080-exec-37] [http-nio-8080-exec-37] 현재 재고: 0
08:02:22.359 [http-nio-8080-exec-42] [http-nio-8080-exec-42] 현재 재고: 0
08:02:22.361 [http-nio-8080-exec-25] [http-nio-8080-exec-25] 현재 재고: 0
08:02:22.363 [http-nio-8080-exec-21] [http-nio-8080-exec-21] 현재 재고: 0
08:02:22.366 [http-nio-8080-exec-20] [http-nio-8080-exec-20] 현재 재고: 0
08:02:22.368 [http-nio-8080-exec-4] [http-nio-8080-exec-4] 현재 재고: 0
08:02:22.370 [http-nio-8080-exec-39] [http-nio-8080-exec-39] 현재 재고: 0
08:02:22.373 [http-nio-8080-exec-7] [http-nio-8080-exec-7] 현재 재고: 0
08:02:22.377 [http-nio-8080-exec-20] [http-nio-8080-exec-20] 현재 재고: 0
08:02:22.381 [http-nio-8080-exec-18] [http-nio-8080-exec-18] 현재 재고: 0
08:02:22.386 [http-nio-8080-exec-39] [http-nio-8080-exec-39] 현재 재고: 0
08:02:22.391 [http-nio-8080-exec-36] [http-nio-8080-exec-36] 현재 재고: 0
08:02:22.395 [http-nio-8080-exec-51] [http-nio-8080-exec-51] 현재 재고: 0
08:02:22.400 [http-nio-8080-exec-1] [http-nio-8080-exec-1] 현재 재고: 0
08:02:22.402 [http-nio-8080-exec-3] [http-nio-8080-exec-3] 현재 재고: 0
08:02:22.404 [http-nio-8080-exec-35] [http-nio-8080-exec-35] 현재 재고: 0
08:02:22.405 [http-nio-8080-exec-22] [http-nio-8080-exec-22] 현재 재고: 0
08:02:22.407 [http-nio-8080-exec-5] [http-nio-8080-exec-5] 현재 재고: 0
08:02:22.409 [http-nio-8080-exec-13] [http-nio-8080-exec-13] 현재 재고: 0
08:02:22.412 [http-nio-8080-exec-3] [http-nio-8080-exec-3] 현재 재고: 0
08:02:22.415 [http-nio-8080-exec-1] [http-nio-8080-exec-1] 현재 재고: 0
08:02:22.417 [http-nio-8080-exec-51] [http-nio-8080-exec-51] 현재 재고: 0
08:02:22.420 [http-nio-8080-exec-3] [http-nio-8080-exec-3] 현재 재고: 0
08:02:22.423 [http-nio-8080-exec-36] [http-nio-8080-exec-36] 현재 재고: 0
08:02:22.425 [http-nio-8080-exec-39] [http-nio-8080-exec-39] 현재 재고: 0
08:02:22.427 [http-nio-8080-exec-20] [http-nio-8080-exec-20] 현재 재고: 0
08:02:22.429 [http-nio-8080-exec-51] [http-nio-8080-exec-51] 현재 재고: 0
08:02:22.431 [http-nio-8080-exec-7] [http-nio-8080-exec-7] 현재 재고: 0
08:02:22.433 [http-nio-8080-exec-18] [http-nio-8080-exec-18] 현재 재고: 0
08:02:22.435 [http-nio-8080-exec-4] [http-nio-8080-exec-4] 현재 재고: 0
08:02:22.437 [http-nio-8080-exec-20] [http-nio-8080-exec-20] 현재 재고: 0
08:02:22.439 [http-nio-8080-exec-21] [http-nio-8080-exec-21] 현재 재고: 0
08:02:22.440 [http-nio-8080-exec-25] [http-nio-8080-exec-25] 현재 재고: 0
08:02:22.442 [http-nio-8080-exec-42] [http-nio-8080-exec-42] 현재 재고: 0
08:02:22.444 [http-nio-8080-exec-37] [http-nio-8080-exec-37] 현재 재고: 0
08:02:22.446 [http-nio-8080-exec-34] [http-nio-8080-exec-34] 현재 재고: 0
08:02:22.448 [http-nio-8080-exec-12] [http-nio-8080-exec-12] 현재 재고: 0
08:02:22.453 [http-nio-8080-exec-43] [http-nio-8080-exec-43] 현재 재고: 0
08:02:22.456 [http-nio-8080-exec-6] [http-nio-8080-exec-6] 현재 재고: 0
08:02:22.460 [http-nio-8080-exec-25] [http-nio-8080-exec-25] 현재 재고: 0
08:02:22.462 [http-nio-8080-exec-52] [http-nio-8080-exec-52] 현재 재고: 0
08:02:22.465 [http-nio-8080-exec-15] [http-nio-8080-exec-15] 현재 재고: 0
08:02:22.470 [http-nio-8080-exec-19] [http-nio-8080-exec-19] 현재 재고: 0
08:02:22.473 [http-nio-8080-exec-40] [http-nio-8080-exec-40] 현재 재고: 0
08:02:22.476 [http-nio-8080-exec-28] [http-nio-8080-exec-28] 현재 재고: 0
08:02:22.478 [http-nio-8080-exec-41] [http-nio-8080-exec-41] 현재 재고: 0
08:02:22.481 [http-nio-8080-exec-14] [http-nio-8080-exec-14] 현재 재고: 0
08:02:22.483 [http-nio-8080-exec-9] [http-nio-8080-exec-9] 현재 재고: 0
08:02:22.485 [http-nio-8080-exec-2] [http-nio-8080-exec-2] 현재 재고: 0
08:02:22.489 [http-nio-8080-exec-8] [http-nio-8080-exec-8] 현재 재고: 0
08:02:22.496 [http-nio-8080-exec-50] [http-nio-8080-exec-50] 현재 재고: 0
08:02:22.498 [http-nio-8080-exec-46] [http-nio-8080-exec-46] 현재 재고: 0
08:02:22.502 [http-nio-8080-exec-46] [http-nio-8080-exec-46] 현재 재고: 0
08:02:22.507 [http-nio-8080-exec-29] [http-nio-8080-exec-29] 현재 재고: 0
08:02:22.509 [http-nio-8080-exec-38] [http-nio-8080-exec-38] 현재 재고: 0
08:02:22.521 [http-nio-8080-exec-17] [http-nio-8080-exec-17] 현재 재고: 0
08:02:22.524 [http-nio-8080-exec-9] [http-nio-8080-exec-9] 현재 재고: 0
08:02:22.526 [http-nio-8080-exec-16] [http-nio-8080-exec-16] 현재 재고: 0
08:02:22.530 [http-nio-8080-exec-33] [http-nio-8080-exec-33] 현재 재고: 0
08:02:22.533 [http-nio-8080-exec-32] [http-nio-8080-exec-32] 현재 재고: 0
08:02:22.539 [http-nio-8080-exec-27] [http-nio-8080-exec-27] 현재 재고: 0
08:02:22.542 [http-nio-8080-exec-11] [http-nio-8080-exec-11] 현재 재고: 0
08:02:22.544 [http-nio-8080-exec-44] [http-nio-8080-exec-44] 현재 재고: 0
08:02:22.547 [http-nio-8080-exec-32] [http-nio-8080-exec-32] 현재 재고: 0
08:02:22.553 [http-nio-8080-exec-31] [http-nio-8080-exec-31] 현재 재고: 0
08:02:22.555 [http-nio-8080-exec-30] [http-nio-8080-exec-30] 현재 재고: 0
08:02:22.558 [http-nio-8080-exec-47] [http-nio-8080-exec-47] 현재 재고: 0
08:02:22.562 [http-nio-8080-exec-49] [http-nio-8080-exec-49] 현재 재고: 0
08:02:22.565 [http-nio-8080-exec-30] [http-nio-8080-exec-30] 현재 재고: 0
08:02:22.567 [http-nio-8080-exec-26] [http-nio-8080-exec-26] 현재 재고: 0
08:02:22.570 [http-nio-8080-exec-24] [http-nio-8080-exec-24] 현재 재고: 0
08:02:22.573 [http-nio-8080-exec-10] [http-nio-8080-exec-10] 현재 재고: 0
08:02:22.575 [http-nio-8080-exec-48] [http-nio-8080-exec-48] 현재 재고: 0
08:02:22.581 [http-nio-8080-exec-45] [http-nio-8080-exec-45] 현재 재고: 0
08:02:22.586 [http-nio-8080-exec-10] [http-nio-8080-exec-10] 현재 재고: 0
08:02:22.587 [http-nio-8080-exec-23] [http-nio-8080-exec-23] 현재 재고: 0
08:02:22.591 [http-nio-8080-exec-48] [http-nio-8080-exec-48] 현재 재고: 0
08:02:22.594 [http-nio-8080-exec-24] [http-nio-8080-exec-24] 현재 재고: 0
08:02:22.596 [http-nio-8080-exec-26] [http-nio-8080-exec-26] 현재 재고: 0
08:02:22.597 [http-nio-8080-exec-30] [http-nio-8080-exec-30] 현재 재고: 0
08:02:22.600 [http-nio-8080-exec-31] [http-nio-8080-exec-31] 현재 재고: 0
08:02:22.604 [http-nio-8080-exec-49] [http-nio-8080-exec-49] 현재 재고: 0
08:02:22.606 [http-nio-8080-exec-47] [http-nio-8080-exec-47] 현재 재고: 0
08:02:22.609 [http-nio-8080-exec-44] [http-nio-8080-exec-44] 현재 재고: 0
08:02:22.611 [http-nio-8080-exec-11] [http-nio-8080-exec-11] 현재 재고: 0
08:02:22.613 [http-nio-8080-exec-32] [http-nio-8080-exec-32] 현재 재고: 0
08:02:22.615 [http-nio-8080-exec-27] [http-nio-8080-exec-27] 현재 재고: 0
08:02:22.618 [http-nio-8080-exec-11] [http-nio-8080-exec-11] 현재 재고: 0
08:02:22.621 [http-nio-8080-exec-33] [http-nio-8080-exec-33] 현재 재고: 0
08:02:22.622 [http-nio-8080-exec-16] [http-nio-8080-exec-16] 현재 재고: 0
08:02:22.624 [http-nio-8080-exec-9] [http-nio-8080-exec-9] 현재 재고: 0
08:02:22.626 [http-nio-8080-exec-17] [http-nio-8080-exec-17] 현재 재고: 0
08:02:22.628 [http-nio-8080-exec-38] [http-nio-8080-exec-38] 현재 재고: 0
08:02:22.629 [http-nio-8080-exec-29] [http-nio-8080-exec-29] 현재 재고: 0
08:02:22.633 [http-nio-8080-exec-46] [http-nio-8080-exec-46] 현재 재고: 0
08:02:22.634 [http-nio-8080-exec-50] [http-nio-8080-exec-50] 현재 재고: 0
08:02:22.636 [http-nio-8080-exec-8] [http-nio-8080-exec-8] 현재 재고: 0
08:02:22.640 [http-nio-8080-exec-2] [http-nio-8080-exec-2] 현재 재고: 0
08:02:22.641 [http-nio-8080-exec-19] [http-nio-8080-exec-19] 현재 재고: 0
08:02:22.645 [http-nio-8080-exec-41] [http-nio-8080-exec-41] 현재 재고: 0
08:02:22.649 [http-nio-8080-exec-28] [http-nio-8080-exec-28] 현재 재고: 0
08:02:22.652 [http-nio-8080-exec-2] [http-nio-8080-exec-2] 현재 재고: 0
08:02:22.655 [http-nio-8080-exec-40] [http-nio-8080-exec-40] 현재 재고: 0
08:02:22.659 [http-nio-8080-exec-14] [http-nio-8080-exec-14] 현재 재고: 0
08:02:22.661 [http-nio-8080-exec-15] [http-nio-8080-exec-15] 현재 재고: 0
08:02:22.665 [http-nio-8080-exec-52] [http-nio-8080-exec-52] 현재 재고: 0
08:02:22.668 [http-nio-8080-exec-25] [http-nio-8080-exec-25] 현재 재고: 0
08:02:22.671 [http-nio-8080-exec-43] [http-nio-8080-exec-43] 현재 재고: 0
08:02:22.679 [http-nio-8080-exec-52] [http-nio-8080-exec-52] 현재 재고: 0
08:02:22.681 [http-nio-8080-exec-6] [http-nio-8080-exec-6] 현재 재고: 0
08:02:22.685 [http-nio-8080-exec-12] [http-nio-8080-exec-12] 현재 재고: 0
08:02:22.687 [http-nio-8080-exec-34] [http-nio-8080-exec-34] 현재 재고: 0
08:02:22.691 [http-nio-8080-exec-37] [http-nio-8080-exec-37] 현재 재고: 0
08:02:22.696 [http-nio-8080-exec-42] [http-nio-8080-exec-42] 현재 재고: 0
08:02:22.702 [http-nio-8080-exec-51] [http-nio-8080-exec-51] 현재 재고: 0
08:02:22.705 [http-nio-8080-exec-4] [http-nio-8080-exec-4] 현재 재고: 0
08:02:22.708 [http-nio-8080-exec-20] [http-nio-8080-exec-20] 현재 재고: 0
08:02:22.712 [http-nio-8080-exec-18] [http-nio-8080-exec-18] 현재 재고: 0
08:02:22.713 [http-nio-8080-exec-7] [http-nio-8080-exec-7] 현재 재고: 0
08:02:22.716 [http-nio-8080-exec-21] [http-nio-8080-exec-21] 현재 재고: 0
08:02:22.719 [http-nio-8080-exec-18] [http-nio-8080-exec-18] 현재 재고: 0
08:02:22.722 [http-nio-8080-exec-39] [http-nio-8080-exec-39] 현재 재고: 0
08:02:22.725 [http-nio-8080-exec-36] [http-nio-8080-exec-36] 현재 재고: 0
08:02:22.733 [http-nio-8080-exec-3] [http-nio-8080-exec-3] 현재 재고: 0
08:02:22.736 [http-nio-8080-exec-1] [http-nio-8080-exec-1] 현재 재고: 0
08:02:22.739 [http-nio-8080-exec-5] [http-nio-8080-exec-5] 현재 재고: 0
08:02:22.744 [http-nio-8080-exec-13] [http-nio-8080-exec-13] 현재 재고: 0
08:02:22.747 [http-nio-8080-exec-22] [http-nio-8080-exec-22] 현재 재고: 0
08:02:22.751 [http-nio-8080-exec-35] [http-nio-8080-exec-35] 현재 재고: 0
08:02:22.754 [http-nio-8080-exec-54] [http-nio-8080-exec-54] 현재 재고: 0
08:02:22.757 [http-nio-8080-exec-13] [http-nio-8080-exec-13] 현재 재고: 0
08:02:22.762 [http-nio-8080-exec-1] [http-nio-8080-exec-1] 현재 재고: 0
08:02:22.764 [http-nio-8080-exec-5] [http-nio-8080-exec-5] 현재 재고: 0
08:02:22.766 [http-nio-8080-exec-54] [http-nio-8080-exec-54] 현재 재고: 0
08:02:22.768 [http-nio-8080-exec-3] [http-nio-8080-exec-3] 현재 재고: 0
08:02:22.770 [http-nio-8080-exec-36] [http-nio-8080-exec-36] 현재 재고: 0
08:02:22.772 [http-nio-8080-exec-39] [http-nio-8080-exec-39] 현재 재고: 0
08:02:22.776 [http-nio-8080-exec-18] [http-nio-8080-exec-18] 현재 재고: 0
08:02:22.792 [http-nio-8080-exec-21] [http-nio-8080-exec-21] 현재 재고: 0
08:02:22.795 [http-nio-8080-exec-7] [http-nio-8080-exec-7] 현재 재고: 0
08:02:22.798 [http-nio-8080-exec-53] [http-nio-8080-exec-53] 현재 재고: 0
08:02:22.801 [http-nio-8080-exec-4] [http-nio-8080-exec-4] 현재 재고: 0
08:02:22.803 [http-nio-8080-exec-20] [http-nio-8080-exec-20] 현재 재고: 0
08:02:22.805 [http-nio-8080-exec-51] [http-nio-8080-exec-51] 현재 재고: 0
08:02:22.807 [http-nio-8080-exec-42] [http-nio-8080-exec-42] 현재 재고: 0
08:02:22.808 [http-nio-8080-exec-12] [http-nio-8080-exec-12] 현재 재고: 0
08:02:22.811 [http-nio-8080-exec-34] [http-nio-8080-exec-34] 현재 재고: 0
08:02:22.812 [http-nio-8080-exec-6] [http-nio-8080-exec-6] 현재 재고: 0
08:02:22.815 [http-nio-8080-exec-12] [http-nio-8080-exec-12] 현재 재고: 0
08:02:22.819 [http-nio-8080-exec-37] [http-nio-8080-exec-37] 현재 재고: 0
08:02:22.821 [http-nio-8080-exec-52] [http-nio-8080-exec-52] 현재 재고: 0
08:02:22.822 [http-nio-8080-exec-43] [http-nio-8080-exec-43] 현재 재고: 0
08:02:22.824 [http-nio-8080-exec-25] [http-nio-8080-exec-25] 현재 재고: 0
08:02:22.827 [http-nio-8080-exec-15] [http-nio-8080-exec-15] 현재 재고: 0
08:02:22.829 [http-nio-8080-exec-14] [http-nio-8080-exec-14] 현재 재고: 0
08:02:22.833 [http-nio-8080-exec-40] [http-nio-8080-exec-40] 현재 재고: 0
08:02:22.835 [http-nio-8080-exec-15] [http-nio-8080-exec-15] 현재 재고: 0
08:02:22.837 [http-nio-8080-exec-2] [http-nio-8080-exec-2] 현재 재고: 0
08:02:22.839 [http-nio-8080-exec-28] [http-nio-8080-exec-28] 현재 재고: 0
08:02:22.841 [http-nio-8080-exec-58] [http-nio-8080-exec-58] 현재 재고: 0
08:02:22.843 [http-nio-8080-exec-41] [http-nio-8080-exec-41] 현재 재고: 0
08:02:22.845 [http-nio-8080-exec-19] [http-nio-8080-exec-19] 현재 재고: 0
08:02:22.847 [http-nio-8080-exec-8] [http-nio-8080-exec-8] 현재 재고: 0
08:02:22.849 [http-nio-8080-exec-38] [http-nio-8080-exec-38] 현재 재고: 0
08:02:22.853 [http-nio-8080-exec-46] [http-nio-8080-exec-46] 현재 재고: 0
08:02:22.858 [http-nio-8080-exec-29] [http-nio-8080-exec-29] 현재 재고: 0
08:02:22.861 [http-nio-8080-exec-50] [http-nio-8080-exec-50] 현재 재고: 0
08:02:22.863 [http-nio-8080-exec-17] [http-nio-8080-exec-17] 현재 재고: 0
08:02:22.867 [http-nio-8080-exec-9] [http-nio-8080-exec-9] 현재 재고: 0
08:02:22.869 [http-nio-8080-exec-16] [http-nio-8080-exec-16] 현재 재고: 0
08:02:22.871 [http-nio-8080-exec-27] [http-nio-8080-exec-27] 현재 재고: 0
08:02:22.875 [http-nio-8080-exec-11] [http-nio-8080-exec-11] 현재 재고: 0
08:02:22.878 [http-nio-8080-exec-16] [http-nio-8080-exec-16] 현재 재고: 0
08:02:22.881 [http-nio-8080-exec-27] [http-nio-8080-exec-27] 현재 재고: 0
08:02:22.883 [http-nio-8080-exec-33] [http-nio-8080-exec-33] 현재 재고: 0
08:02:22.886 [http-nio-8080-exec-32] [http-nio-8080-exec-32] 현재 재고: 0
08:02:22.890 [http-nio-8080-exec-27] [http-nio-8080-exec-27] 현재 재고: 0
08:02:22.893 [http-nio-8080-exec-44] [http-nio-8080-exec-44] 현재 재고: 0
08:02:22.895 [http-nio-8080-exec-47] [http-nio-8080-exec-47] 현재 재고: 0
08:02:22.900 [http-nio-8080-exec-49] [http-nio-8080-exec-49] 현재 재고: 0
08:02:22.904 [http-nio-8080-exec-31] [http-nio-8080-exec-31] 현재 재고: 0
08:02:22.906 [http-nio-8080-exec-30] [http-nio-8080-exec-30] 현재 재고: 0
08:02:22.907 [http-nio-8080-exec-48] [http-nio-8080-exec-48] 현재 재고: 0
08:02:22.910 [http-nio-8080-exec-24] [http-nio-8080-exec-24] 현재 재고: 0
08:02:22.913 [http-nio-8080-exec-26] [http-nio-8080-exec-26] 현재 재고: 0
08:02:22.917 [http-nio-8080-exec-10] [http-nio-8080-exec-10] 현재 재고: 0
08:02:22.919 [http-nio-8080-exec-26] [http-nio-8080-exec-26] 현재 재고: 0
08:02:22.921 [http-nio-8080-exec-23] [http-nio-8080-exec-23] 현재 재고: 0
08:02:22.923 [http-nio-8080-exec-45] [http-nio-8080-exec-45] 현재 재고: 0
08:02:22.925 [http-nio-8080-exec-61] [http-nio-8080-exec-61] 현재 재고: 0
08:02:22.928 [http-nio-8080-exec-26] [http-nio-8080-exec-26] 현재 재고: 0
08:02:22.930 [http-nio-8080-exec-10] [http-nio-8080-exec-10] 현재 재고: 0
08:02:22.935 [http-nio-8080-exec-30] [http-nio-8080-exec-30] 현재 재고: 0
08:02:22.937 [http-nio-8080-exec-24] [http-nio-8080-exec-24] 현재 재고: 0
08:02:22.939 [http-nio-8080-exec-48] [http-nio-8080-exec-48] 현재 재고: 0
08:02:22.942 [http-nio-8080-exec-31] [http-nio-8080-exec-31] 현재 재고: 0
08:02:22.944 [http-nio-8080-exec-49] [http-nio-8080-exec-49] 현재 재고: 0
08:02:22.946 [http-nio-8080-exec-60] [http-nio-8080-exec-60] 현재 재고: 0
08:02:22.949 [http-nio-8080-exec-47] [http-nio-8080-exec-47] 현재 재고: 0
08:02:22.951 [http-nio-8080-exec-44] [http-nio-8080-exec-44] 현재 재고: 0
08:02:22.954 [http-nio-8080-exec-27] [http-nio-8080-exec-27] 현재 재고: 0
08:02:22.956 [http-nio-8080-exec-32] [http-nio-8080-exec-32] 현재 재고: 0
08:02:22.959 [http-nio-8080-exec-16] [http-nio-8080-exec-16] 현재 재고: 0
08:02:22.960 [http-nio-8080-exec-44] [http-nio-8080-exec-44] 현재 재고: 0
08:02:22.963 [http-nio-8080-exec-33] [http-nio-8080-exec-33] 현재 재고: 0
08:02:22.967 [http-nio-8080-exec-11] [http-nio-8080-exec-11] 현재 재고: 0
08:02:22.970 [http-nio-8080-exec-9] [http-nio-8080-exec-9] 현재 재고: 0
08:02:22.972 [http-nio-8080-exec-59] [http-nio-8080-exec-59] 현재 재고: 0
08:02:22.974 [http-nio-8080-exec-17] [http-nio-8080-exec-17] 현재 재고: 0
08:02:22.976 [http-nio-8080-exec-50] [http-nio-8080-exec-50] 현재 재고: 0
08:02:22.979 [http-nio-8080-exec-29] [http-nio-8080-exec-29] 현재 재고: 0
08:02:22.980 [http-nio-8080-exec-46] [http-nio-8080-exec-46] 현재 재고: 0
08:02:22.983 [http-nio-8080-exec-8] [http-nio-8080-exec-8] 현재 재고: 0
08:02:22.985 [http-nio-8080-exec-38] [http-nio-8080-exec-38] 현재 재고: 0
08:02:22.987 [http-nio-8080-exec-19] [http-nio-8080-exec-19] 현재 재고: 0
08:02:22.989 [http-nio-8080-exec-41] [http-nio-8080-exec-41] 현재 재고: 0
08:02:22.992 [http-nio-8080-exec-58] [http-nio-8080-exec-58] 현재 재고: 0
08:02:22.994 [http-nio-8080-exec-28] [http-nio-8080-exec-28] 현재 재고: 0
08:02:22.996 [http-nio-8080-exec-2] [http-nio-8080-exec-2] 현재 재고: 0
08:02:22.999 [http-nio-8080-exec-58] [http-nio-8080-exec-58] 현재 재고: 0
08:02:23.001 [http-nio-8080-exec-15] [http-nio-8080-exec-15] 현재 재고: 0
08:02:23.002 [http-nio-8080-exec-40] [http-nio-8080-exec-40] 현재 재고: 0
08:02:23.004 [http-nio-8080-exec-2] [http-nio-8080-exec-2] 현재 재고: 0
08:02:23.006 [http-nio-8080-exec-14] [http-nio-8080-exec-14] 현재 재고: 0
08:02:23.008 [http-nio-8080-exec-25] [http-nio-8080-exec-25] 현재 재고: 0
08:02:23.010 [http-nio-8080-exec-43] [http-nio-8080-exec-43] 현재 재고: 0
08:02:23.011 [http-nio-8080-exec-37] [http-nio-8080-exec-37] 현재 재고: 0
08:02:23.014 [http-nio-8080-exec-52] [http-nio-8080-exec-52] 현재 재고: 0
08:02:23.017 [http-nio-8080-exec-12] [http-nio-8080-exec-12] 현재 재고: 0
08:02:23.020 [http-nio-8080-exec-37] [http-nio-8080-exec-37] 현재 재고: 0
08:02:23.023 [http-nio-8080-exec-6] [http-nio-8080-exec-6] 현재 재고: 0
08:02:23.025 [http-nio-8080-exec-34] [http-nio-8080-exec-34] 현재 재고: 0
08:02:23.028 [http-nio-8080-exec-42] [http-nio-8080-exec-42] 현재 재고: 0
08:02:23.029 [http-nio-8080-exec-51] [http-nio-8080-exec-51] 현재 재고: 0
08:02:23.032 [http-nio-8080-exec-51] [http-nio-8080-exec-51] 현재 재고: 0
08:02:23.033 [http-nio-8080-exec-20] [http-nio-8080-exec-20] 현재 재고: 0
08:02:23.035 [http-nio-8080-exec-4] [http-nio-8080-exec-4] 현재 재고: 0
08:02:23.037 [http-nio-8080-exec-53] [http-nio-8080-exec-53] 현재 재고: 0
08:02:23.040 [http-nio-8080-exec-7] [http-nio-8080-exec-7] 현재 재고: 0
08:02:23.041 [http-nio-8080-exec-21] [http-nio-8080-exec-21] 현재 재고: 0
08:02:23.043 [http-nio-8080-exec-39] [http-nio-8080-exec-39] 현재 재고: 0
08:02:23.045 [http-nio-8080-exec-57] [http-nio-8080-exec-57] 현재 재고: 0
08:02:23.047 [http-nio-8080-exec-18] [http-nio-8080-exec-18] 현재 재고: 0
08:02:23.049 [http-nio-8080-exec-36] [http-nio-8080-exec-36] 현재 재고: 0
08:02:23.052 [http-nio-8080-exec-56] [http-nio-8080-exec-56] 현재 재고: 0
08:02:23.054 [http-nio-8080-exec-3] [http-nio-8080-exec-3] 현재 재고: 0
08:02:23.056 [http-nio-8080-exec-54] [http-nio-8080-exec-54] 현재 재고: 0
08:02:23.058 [http-nio-8080-exec-5] [http-nio-8080-exec-5] 현재 재고: 0
08:02:23.060 [http-nio-8080-exec-3] [http-nio-8080-exec-3] 현재 재고: 0
08:02:23.062 [http-nio-8080-exec-1] [http-nio-8080-exec-1] 현재 재고: 0
08:02:23.065 [http-nio-8080-exec-13] [http-nio-8080-exec-13] 현재 재고: 0
08:02:23.070 [http-nio-8080-exec-54] [http-nio-8080-exec-54] 현재 재고: 0
08:02:23.075 [http-nio-8080-exec-35] [http-nio-8080-exec-35] 현재 재고: 0
08:02:23.079 [http-nio-8080-exec-22] [http-nio-8080-exec-22] 현재 재고: 0
08:02:23.083 [http-nio-8080-exec-55] [http-nio-8080-exec-55] 현재 재고: 0
08:02:23.085 [http-nio-8080-exec-54] [http-nio-8080-exec-54] 현재 재고: 0
08:02:23.088 [http-nio-8080-exec-35] [http-nio-8080-exec-35] 현재 재고: 0
08:02:23.092 [http-nio-8080-exec-13] [http-nio-8080-exec-13] 현재 재고: 0
08:02:23.095 [http-nio-8080-exec-1] [http-nio-8080-exec-1] 현재 재고: 0
08:02:23.096 [http-nio-8080-exec-3] [http-nio-8080-exec-3] 현재 재고: 0
08:02:23.099 [http-nio-8080-exec-54] [http-nio-8080-exec-54] 현재 재고: 0
08:02:23.104 [http-nio-8080-exec-5] [http-nio-8080-exec-5] 현재 재고: 0
08:02:23.107 [http-nio-8080-exec-56] [http-nio-8080-exec-56] 현재 재고: 0
08:02:23.110 [http-nio-8080-exec-36] [http-nio-8080-exec-36] 현재 재고: 0
08:02:23.112 [http-nio-8080-exec-57] [http-nio-8080-exec-57] 현재 재고: 0
08:02:23.115 [http-nio-8080-exec-18] [http-nio-8080-exec-18] 현재 재고: 0
08:02:23.118 [http-nio-8080-exec-39] [http-nio-8080-exec-39] 현재 재고: 0
08:02:23.122 [http-nio-8080-exec-21] [http-nio-8080-exec-21] 현재 재고: 0
08:02:23.125 [http-nio-8080-exec-56] [http-nio-8080-exec-56] 현재 재고: 0
08:02:23.127 [http-nio-8080-exec-7] [http-nio-8080-exec-7] 현재 재고: 0
08:02:23.129 [http-nio-8080-exec-53] [http-nio-8080-exec-53] 현재 재고: 0
08:02:23.131 [http-nio-8080-exec-51] [http-nio-8080-exec-51] 현재 재고: 0
08:02:23.135 [http-nio-8080-exec-39] [http-nio-8080-exec-39] 현재 재고: 0
08:02:23.137 [http-nio-8080-exec-4] [http-nio-8080-exec-4] 현재 재고: 0
08:02:23.139 [http-nio-8080-exec-20] [http-nio-8080-exec-20] 현재 재고: 0
08:02:23.142 [http-nio-8080-exec-6] [http-nio-8080-exec-6] 현재 재고: 0
08:02:23.144 [http-nio-8080-exec-42] [http-nio-8080-exec-42] 현재 재고: 0
08:02:23.146 [http-nio-8080-exec-34] [http-nio-8080-exec-34] 현재 재고: 0
08:02:23.148 [http-nio-8080-exec-37] [http-nio-8080-exec-37] 현재 재고: 0
08:02:23.151 [http-nio-8080-exec-12] [http-nio-8080-exec-12] 현재 재고: 0
08:02:23.157 [http-nio-8080-exec-52] [http-nio-8080-exec-52] 현재 재고: 0
08:02:23.161 [http-nio-8080-exec-43] [http-nio-8080-exec-43] 현재 재고: 0
08:02:23.164 [http-nio-8080-exec-25] [http-nio-8080-exec-25] 현재 재고: 0
08:02:23.166 [http-nio-8080-exec-14] [http-nio-8080-exec-14] 현재 재고: 0
08:02:23.169 [http-nio-8080-exec-2] [http-nio-8080-exec-2] 현재 재고: 0
08:02:23.172 [http-nio-8080-exec-40] [http-nio-8080-exec-40] 현재 재고: 0
08:02:23.174 [http-nio-8080-exec-15] [http-nio-8080-exec-15] 현재 재고: 0
08:02:23.177 [http-nio-8080-exec-15] [http-nio-8080-exec-15] 현재 재고: 0
08:02:23.182 [http-nio-8080-exec-58] [http-nio-8080-exec-58] 현재 재고: 0
08:02:23.184 [http-nio-8080-exec-42] [http-nio-8080-exec-42] 현재 재고: 0
08:02:23.185 [http-nio-8080-exec-28] [http-nio-8080-exec-28] 현재 재고: 0
08:02:23.187 [http-nio-8080-exec-28] [http-nio-8080-exec-28] 현재 재고: 0
08:02:23.188 [http-nio-8080-exec-41] [http-nio-8080-exec-41] 현재 재고: 0
08:02:23.190 [http-nio-8080-exec-2] [http-nio-8080-exec-2] 현재 재고: 0
08:02:23.192 [http-nio-8080-exec-40] [http-nio-8080-exec-40] 현재 재고: 0
08:02:23.193 [http-nio-8080-exec-15] [http-nio-8080-exec-15] 현재 재고: 0
08:02:23.195 [http-nio-8080-exec-38] [http-nio-8080-exec-38] 현재 재고: 0
08:02:23.197 [http-nio-8080-exec-19] [http-nio-8080-exec-19] 현재 재고: 0
08:02:23.199 [http-nio-8080-exec-8] [http-nio-8080-exec-8] 현재 재고: 0
08:02:23.201 [http-nio-8080-exec-46] [http-nio-8080-exec-46] 현재 재고: 0
08:02:23.202 [http-nio-8080-exec-29] [http-nio-8080-exec-29] 현재 재고: 0
08:02:23.203 [http-nio-8080-exec-50] [http-nio-8080-exec-50] 현재 재고: 0
08:02:23.205 [http-nio-8080-exec-41] [http-nio-8080-exec-41] 현재 재고: 0
08:02:23.207 [http-nio-8080-exec-17] [http-nio-8080-exec-17] 현재 재고: 0
08:02:23.211 [http-nio-8080-exec-40] [http-nio-8080-exec-40] 현재 재고: 0
08:02:23.212 [http-nio-8080-exec-59] [http-nio-8080-exec-59] 현재 재고: 0
08:02:23.214 [http-nio-8080-exec-9] [http-nio-8080-exec-9] 현재 재고: 0
08:02:23.216 [http-nio-8080-exec-11] [http-nio-8080-exec-11] 현재 재고: 0
08:02:23.219 [http-nio-8080-exec-33] [http-nio-8080-exec-33] 현재 재고: 0
08:02:23.220 [http-nio-8080-exec-44] [http-nio-8080-exec-44] 현재 재고: 0
08:02:23.222 [http-nio-8080-exec-29] [http-nio-8080-exec-29] 현재 재고: 0
08:02:23.223 [http-nio-8080-exec-16] [http-nio-8080-exec-16] 현재 재고: 0
08:02:23.226 [http-nio-8080-exec-32] [http-nio-8080-exec-32] 현재 재고: 0
08:02:23.227 [http-nio-8080-exec-27] [http-nio-8080-exec-27] 현재 재고: 0
08:02:23.229 [http-nio-8080-exec-47] [http-nio-8080-exec-47] 현재 재고: 0
08:02:23.230 [http-nio-8080-exec-60] [http-nio-8080-exec-60] 현재 재고: 0
08:02:23.232 [http-nio-8080-exec-31] [http-nio-8080-exec-31] 현재 재고: 0
08:02:23.234 [http-nio-8080-exec-49] [http-nio-8080-exec-49] 현재 재고: 0
08:02:23.236 [http-nio-8080-exec-62] [http-nio-8080-exec-62] 현재 재고: 0
08:02:23.237 [http-nio-8080-exec-48] [http-nio-8080-exec-48] 현재 재고: 0
08:02:23.238 [http-nio-8080-exec-24] [http-nio-8080-exec-24] 현재 재고: 0
08:02:23.240 [http-nio-8080-exec-10] [http-nio-8080-exec-10] 현재 재고: 0
08:02:23.241 [http-nio-8080-exec-30] [http-nio-8080-exec-30] 현재 재고: 0
08:02:23.242 [http-nio-8080-exec-26] [http-nio-8080-exec-26] 현재 재고: 0
08:02:23.243 [http-nio-8080-exec-61] [http-nio-8080-exec-61] 현재 재고: 0
08:02:23.246 [http-nio-8080-exec-45] [http-nio-8080-exec-45] 현재 재고: 0
08:02:23.247 [http-nio-8080-exec-23] [http-nio-8080-exec-23] 현재 재고: 0
08:02:23.248 [http-nio-8080-exec-40] [http-nio-8080-exec-40] 현재 재고: 0
08:02:23.249 [http-nio-8080-exec-17] [http-nio-8080-exec-17] 현재 재고: 0
08:02:23.250 [http-nio-8080-exec-41] [http-nio-8080-exec-41] 현재 재고: 0
08:02:23.252 [http-nio-8080-exec-44] [http-nio-8080-exec-44] 현재 재고: 0
08:02:23.253 [http-nio-8080-exec-46] [http-nio-8080-exec-46] 현재 재고: 0
08:02:23.256 [http-nio-8080-exec-8] [http-nio-8080-exec-8] 현재 재고: 0
08:02:23.257 [http-nio-8080-exec-42] [http-nio-8080-exec-42] 현재 재고: 0
08:02:23.258 [http-nio-8080-exec-38] [http-nio-8080-exec-38] 현재 재고: 0
08:02:23.262 [http-nio-8080-exec-15] [http-nio-8080-exec-15] 현재 재고: 0
08:02:23.265 [http-nio-8080-exec-6] [http-nio-8080-exec-6] 현재 재고: 0
08:02:23.266 [http-nio-8080-exec-28] [http-nio-8080-exec-28] 현재 재고: 0
08:02:23.268 [http-nio-8080-exec-14] [http-nio-8080-exec-14] 현재 재고: 0
08:02:23.269 [http-nio-8080-exec-19] [http-nio-8080-exec-19] 현재 재고: 0
08:02:23.270 [http-nio-8080-exec-58] [http-nio-8080-exec-58] 현재 재고: 0
08:02:23.271 [http-nio-8080-exec-2] [http-nio-8080-exec-2] 현재 재고: 0
08:02:23.272 [http-nio-8080-exec-25] [http-nio-8080-exec-25] 현재 재고: 0
08:02:23.273 [http-nio-8080-exec-12] [http-nio-8080-exec-12] 현재 재고: 0
08:02:23.275 [http-nio-8080-exec-37] [http-nio-8080-exec-37] 현재 재고: 0
08:02:23.277 [http-nio-8080-exec-34] [http-nio-8080-exec-34] 현재 재고: 0
08:02:23.279 [http-nio-8080-exec-43] [http-nio-8080-exec-43] 현재 재고: 0
08:02:23.280 [http-nio-8080-exec-52] [http-nio-8080-exec-52] 현재 재고: 0
08:02:23.281 [http-nio-8080-exec-20] [http-nio-8080-exec-20] 현재 재고: 0
08:02:23.283 [http-nio-8080-exec-4] [http-nio-8080-exec-4] 현재 재고: 0
08:02:23.286 [http-nio-8080-exec-39] [http-nio-8080-exec-39] 현재 재고: 0
08:02:23.289 [http-nio-8080-exec-53] [http-nio-8080-exec-53] 현재 재고: 0
08:02:23.291 [http-nio-8080-exec-51] [http-nio-8080-exec-51] 현재 재고: 0
08:02:23.293 [http-nio-8080-exec-56] [http-nio-8080-exec-56] 현재 재고: 0
08:02:23.294 [http-nio-8080-exec-7] [http-nio-8080-exec-7] 현재 재고: 0
08:02:23.295 [http-nio-8080-exec-21] [http-nio-8080-exec-21] 현재 재고: 0
08:02:23.296 [http-nio-8080-exec-5] [http-nio-8080-exec-5] 현재 재고: 0
08:02:23.298 [http-nio-8080-exec-57] [http-nio-8080-exec-57] 현재 재고: 0
08:02:23.299 [http-nio-8080-exec-36] [http-nio-8080-exec-36] 현재 재고: 0
08:02:23.301 [http-nio-8080-exec-18] [http-nio-8080-exec-18] 현재 재고: 0
08:02:23.302 [http-nio-8080-exec-35] [http-nio-8080-exec-35] 현재 재고: 0
08:02:23.303 [http-nio-8080-exec-3] [http-nio-8080-exec-3] 현재 재고: 0
08:02:23.304 [http-nio-8080-exec-1] [http-nio-8080-exec-1] 현재 재고: 0
08:02:23.305 [http-nio-8080-exec-13] [http-nio-8080-exec-13] 현재 재고: 0
08:02:23.306 [http-nio-8080-exec-54] [http-nio-8080-exec-54] 현재 재고: 0
08:02:23.307 [http-nio-8080-exec-55] [http-nio-8080-exec-55] 현재 재고: 0
08:02:23.308 [http-nio-8080-exec-22] [http-nio-8080-exec-22] 현재 재고: 0
11:37:33.997 [SpringApplicationShutdownHook] Commencing graceful shutdown. Waiting for active requests to complete
11:37:34.030 [tomcat-shutdown] Graceful shutdown complete
11:37:34.069 [SpringApplicationShutdownHook] Closing JPA EntityManagerFactory for persistence unit 'default'
11:37:34.102 [SpringApplicationShutdownHook] HikariPool-1 - Shutdown initiated...
11:37:34.123 [SpringApplicationShutdownHook] HikariPool-1 - Shutdown completed.
